Determining if the stricmp exist failed with the following output:
Change Dir: /home/debvmware/vmware_shares/vmware_shared/xrboom-plus/prboom2/CMakeFiles/CMakeTmp

Run Build Command:"/usr/bin/make" "cmTC_bad75/fast"
/usr/bin/make -f CMakeFiles/cmTC_bad75.dir/build.make CMakeFiles/cmTC_bad75.dir/build
make[1]: Entering directory '/home/debvmware/vmware_shares/vmware_shared/xrboom-plus/prboom2/CMakeFiles/CMakeTmp'
Building C object CMakeFiles/cmTC_bad75.dir/CheckSymbolExists.c.o
/usr/bin/cc    -o CMakeFiles/cmTC_bad75.dir/CheckSymbolExists.c.o   -c /home/debvmware/vmware_shares/vmware_shared/xrboom-plus/prboom2/CMakeFiles/CMakeTmp/CheckSymbolExists.c
/home/debvmware/vmware_shares/vmware_shared/xrboom-plus/prboom2/CMakeFiles/CMakeTmp/CheckSymbolExists.c:8:19: error: use of undeclared identifier 'stricmp'
  return ((int*)(&stricmp))[argc];
                  ^
1 error generated.
make[1]: *** [CMakeFiles/cmTC_bad75.dir/build.make:66: CMakeFiles/cmTC_bad75.dir/CheckSymbolExists.c.o] Error 1
make[1]: Leaving directory '/home/debvmware/vmware_shares/vmware_shared/xrboom-plus/prboom2/CMakeFiles/CMakeTmp'
make: *** [Makefile:121: cmTC_bad75/fast] Error 2

File /home/debvmware/vmware_shares/vmware_shared/xrboom-plus/prboom2/CMakeFiles/CMakeTmp/CheckSymbolExists.c:
/* */
#include <string.h>

int main(int argc, char** argv)
{
  (void)argv;
#ifndef stricmp
  return ((int*)(&stricmp))[argc];
#else
  (void)argc;
  return 0;
#endif
}

Determining if the strnicmp exist failed with the following output:
Change Dir: /home/debvmware/vmware_shares/vmware_shared/xrboom-plus/prboom2/CMakeFiles/CMakeTmp

Run Build Command:"/usr/bin/make" "cmTC_9fb38/fast"
/usr/bin/make -f CMakeFiles/cmTC_9fb38.dir/build.make CMakeFiles/cmTC_9fb38.dir/build
make[1]: Entering directory '/home/debvmware/vmware_shares/vmware_shared/xrboom-plus/prboom2/CMakeFiles/CMakeTmp'
Building C object CMakeFiles/cmTC_9fb38.dir/CheckSymbolExists.c.o
/usr/bin/cc    -o CMakeFiles/cmTC_9fb38.dir/CheckSymbolExists.c.o   -c /home/debvmware/vmware_shares/vmware_shared/xrboom-plus/prboom2/CMakeFiles/CMakeTmp/CheckSymbolExists.c
/home/debvmware/vmware_shares/vmware_shared/xrboom-plus/prboom2/CMakeFiles/CMakeTmp/CheckSymbolExists.c:8:19: error: use of undeclared identifier 'strnicmp'; did you mean 'strncmp'?
  return ((int*)(&strnicmp))[argc];
                  ^~~~~~~~
                  strncmp
/usr/include/string.h:139:12: note: 'strncmp' declared here
extern int strncmp (const char *__s1, const char *__s2, size_t __n)
           ^
1 error generated.
make[1]: *** [CMakeFiles/cmTC_9fb38.dir/build.make:66: CMakeFiles/cmTC_9fb38.dir/CheckSymbolExists.c.o] Error 1
make[1]: Leaving directory '/home/debvmware/vmware_shares/vmware_shared/xrboom-plus/prboom2/CMakeFiles/CMakeTmp'
make: *** [Makefile:121: cmTC_9fb38/fast] Error 2

File /home/debvmware/vmware_shares/vmware_shared/xrboom-plus/prboom2/CMakeFiles/CMakeTmp/CheckSymbolExists.c:
/* */
#include <string.h>

int main(int argc, char** argv)
{
  (void)argv;
#ifndef strnicmp
  return ((int*)(&strnicmp))[argc];
#else
  (void)argc;
  return 0;
#endif
}

