The system is: Linux - 4.19.0-13-amd64 - x86_64
Compiling the C compiler identification source file "CMakeCCompilerId.c" succeeded.
Compiler: /usr/bin/cc 
Build flags: 
Id flags:  

The output was:
0


Compilation of the C compiler identification source "CMakeCCompilerId.c" produced "a.out"

The C compiler identification is Clang, found in "/home/debvmware/vmware_shares/vmware_shared/xrboom-plus/prboom2/CMakeFiles/3.13.4/CompilerIdC/a.out"

Compiling the CXX compiler identification source file "CMakeCXXCompilerId.cpp" succeeded.
Compiler: /usr/bin/c++ 
Build flags: 
Id flags:  

The output was:
0


Compilation of the CXX compiler identification source "CMakeCXXCompilerId.cpp" produced "a.out"

The CXX compiler identification is Clang, found in "/home/debvmware/vmware_shares/vmware_shared/xrboom-plus/prboom2/CMakeFiles/3.13.4/CompilerIdCXX/a.out"

Determining if the C compiler works passed with the following output:
Change Dir: /home/debvmware/vmware_shares/vmware_shared/xrboom-plus/prboom2/CMakeFiles/CMakeTmp

Run Build Command:"/usr/bin/make" "cmTC_20d8e/fast"
/usr/bin/make -f CMakeFiles/cmTC_20d8e.dir/build.make CMakeFiles/cmTC_20d8e.dir/build
make[1]: Entering directory '/home/debvmware/vmware_shares/vmware_shared/xrboom-plus/prboom2/CMakeFiles/CMakeTmp'
Building C object CMakeFiles/cmTC_20d8e.dir/testCCompiler.c.o
/usr/bin/cc    -o CMakeFiles/cmTC_20d8e.dir/testCCompiler.c.o   -c /home/debvmware/vmware_shares/vmware_shared/xrboom-plus/prboom2/CMakeFiles/CMakeTmp/testCCompiler.c
Linking C executable cmTC_20d8e
/usr/bin/cmake -E cmake_link_script CMakeFiles/cmTC_20d8e.dir/link.txt --verbose=1
/usr/bin/cc      -rdynamic CMakeFiles/cmTC_20d8e.dir/testCCompiler.c.o  -o cmTC_20d8e 
make[1]: Leaving directory '/home/debvmware/vmware_shares/vmware_shared/xrboom-plus/prboom2/CMakeFiles/CMakeTmp'


Detecting C compiler ABI info compiled with the following output:
Change Dir: /home/debvmware/vmware_shares/vmware_shared/xrboom-plus/prboom2/CMakeFiles/CMakeTmp

Run Build Command:"/usr/bin/make" "cmTC_23e9a/fast"
/usr/bin/make -f CMakeFiles/cmTC_23e9a.dir/build.make CMakeFiles/cmTC_23e9a.dir/build
make[1]: Entering directory '/home/debvmware/vmware_shares/vmware_shared/xrboom-plus/prboom2/CMakeFiles/CMakeTmp'
Building C object CMakeFiles/cmTC_23e9a.dir/CMakeCCompilerABI.c.o
/usr/bin/cc    -o CMakeFiles/cmTC_23e9a.dir/CMakeCCompilerABI.c.o   -c /usr/share/cmake-3.13/Modules/CMakeCCompilerABI.c
Linking C executable cmTC_23e9a
/usr/bin/cmake -E cmake_link_script CMakeFiles/cmTC_23e9a.dir/link.txt --verbose=1
/usr/bin/cc     -v -rdynamic CMakeFiles/cmTC_23e9a.dir/CMakeCCompilerABI.c.o  -o cmTC_23e9a 
clang version 7.0.1-8+deb10u2 (tags/RELEASE_701/final)
Target: x86_64-pc-linux-gnu
Thread model: posix
InstalledDir: /usr/bin
Found candidate GCC installation: /usr/bin/../lib/gcc/x86_64-linux-gnu/8
Found candidate GCC installation: /usr/lib/gcc/x86_64-linux-gnu/8
Selected GCC installation: /usr/bin/../lib/gcc/x86_64-linux-gnu/8
Candidate multilib: .;@m64
Selected multilib: .;@m64
 "/usr/bin/ld" -export-dynamic --hash-style=both --build-id --eh-frame-hdr -m elf_x86_64 -export-dynamic -dynamic-linker /lib64/ld-linux-x86-64.so.2 -o cmTC_23e9a /usr/bin/../lib/gcc/x86_64-linux-gnu/8/../../../x86_64-linux-gnu/crt1.o /usr/bin/../lib/gcc/x86_64-linux-gnu/8/../../../x86_64-linux-gnu/crti.o /usr/bin/../lib/gcc/x86_64-linux-gnu/8/crtbegin.o -L/usr/bin/../lib/gcc/x86_64-linux-gnu/8 -L/usr/bin/../lib/gcc/x86_64-linux-gnu/8/../../../x86_64-linux-gnu -L/usr/bin/../lib/gcc/x86_64-linux-gnu/8/../../../../lib64 -L/lib/x86_64-linux-gnu -L/lib/../lib64 -L/usr/lib/x86_64-linux-gnu -L/usr/lib/../lib64 -L/usr/lib/x86_64-linux-gnu/../../lib64 -L/usr/bin/../lib/gcc/x86_64-linux-gnu/8/../../.. -L/usr/lib/llvm-7/bin/../lib -L/lib -L/usr/lib CMakeFiles/cmTC_23e9a.dir/CMakeCCompilerABI.c.o -lgcc --as-needed -lgcc_s --no-as-needed -lc -lgcc --as-needed -lgcc_s --no-as-needed /usr/bin/../lib/gcc/x86_64-linux-gnu/8/crtend.o /usr/bin/../lib/gcc/x86_64-linux-gnu/8/../../../x86_64-linux-gnu/crtn.o
make[1]: Leaving directory '/home/debvmware/vmware_shares/vmware_shared/xrboom-plus/prboom2/CMakeFiles/CMakeTmp'


Parsed C implicit link information from above output:
  link line regex: [^( *|.*[/\])(ld|CMAKE_LINK_STARTFILE-NOTFOUND|([^/\]+-)?ld|collect2)[^/\]*( |$)]
  ignore line: [Change Dir: /home/debvmware/vmware_shares/vmware_shared/xrboom-plus/prboom2/CMakeFiles/CMakeTmp]
  ignore line: []
  ignore line: [Run Build Command:"/usr/bin/make" "cmTC_23e9a/fast"]
  ignore line: [/usr/bin/make -f CMakeFiles/cmTC_23e9a.dir/build.make CMakeFiles/cmTC_23e9a.dir/build]
  ignore line: [make[1]: Entering directory '/home/debvmware/vmware_shares/vmware_shared/xrboom-plus/prboom2/CMakeFiles/CMakeTmp']
  ignore line: [Building C object CMakeFiles/cmTC_23e9a.dir/CMakeCCompilerABI.c.o]
  ignore line: [/usr/bin/cc    -o CMakeFiles/cmTC_23e9a.dir/CMakeCCompilerABI.c.o   -c /usr/share/cmake-3.13/Modules/CMakeCCompilerABI.c]
  ignore line: [Linking C executable cmTC_23e9a]
  ignore line: [/usr/bin/cmake -E cmake_link_script CMakeFiles/cmTC_23e9a.dir/link.txt --verbose=1]
  ignore line: [/usr/bin/cc     -v -rdynamic CMakeFiles/cmTC_23e9a.dir/CMakeCCompilerABI.c.o  -o cmTC_23e9a ]
  ignore line: [clang version 7.0.1-8+deb10u2 (tags/RELEASE_701/final)]
  ignore line: [Target: x86_64-pc-linux-gnu]
  ignore line: [Thread model: posix]
  ignore line: [InstalledDir: /usr/bin]
  ignore line: [Found candidate GCC installation: /usr/bin/../lib/gcc/x86_64-linux-gnu/8]
  ignore line: [Found candidate GCC installation: /usr/lib/gcc/x86_64-linux-gnu/8]
  ignore line: [Selected GCC installation: /usr/bin/../lib/gcc/x86_64-linux-gnu/8]
  ignore line: [Candidate multilib: .]
  ignore line: [@m64]
  ignore line: [Selected multilib: .]
  ignore line: [@m64]
  link line: [ "/usr/bin/ld" -export-dynamic --hash-style=both --build-id --eh-frame-hdr -m elf_x86_64 -export-dynamic -dynamic-linker /lib64/ld-linux-x86-64.so.2 -o cmTC_23e9a /usr/bin/../lib/gcc/x86_64-linux-gnu/8/../../../x86_64-linux-gnu/crt1.o /usr/bin/../lib/gcc/x86_64-linux-gnu/8/../../../x86_64-linux-gnu/crti.o /usr/bin/../lib/gcc/x86_64-linux-gnu/8/crtbegin.o -L/usr/bin/../lib/gcc/x86_64-linux-gnu/8 -L/usr/bin/../lib/gcc/x86_64-linux-gnu/8/../../../x86_64-linux-gnu -L/usr/bin/../lib/gcc/x86_64-linux-gnu/8/../../../../lib64 -L/lib/x86_64-linux-gnu -L/lib/../lib64 -L/usr/lib/x86_64-linux-gnu -L/usr/lib/../lib64 -L/usr/lib/x86_64-linux-gnu/../../lib64 -L/usr/bin/../lib/gcc/x86_64-linux-gnu/8/../../.. -L/usr/lib/llvm-7/bin/../lib -L/lib -L/usr/lib CMakeFiles/cmTC_23e9a.dir/CMakeCCompilerABI.c.o -lgcc --as-needed -lgcc_s --no-as-needed -lc -lgcc --as-needed -lgcc_s --no-as-needed /usr/bin/../lib/gcc/x86_64-linux-gnu/8/crtend.o /usr/bin/../lib/gcc/x86_64-linux-gnu/8/../../../x86_64-linux-gnu/crtn.o]
    arg [/usr/bin/ld] ==> ignore
    arg [-export-dynamic] ==> ignore
    arg [--hash-style=both] ==> ignore
    arg [--build-id] ==> ignore
    arg [--eh-frame-hdr] ==> ignore
    arg [-m] ==> ignore
    arg [elf_x86_64] ==> ignore
    arg [-export-dynamic] ==> ignore
    arg [-dynamic-linker] ==> ignore
    arg [/lib64/ld-linux-x86-64.so.2] ==> ignore
    arg [-o] ==> ignore
    arg [cmTC_23e9a] ==> ignore
    arg [/usr/bin/../lib/gcc/x86_64-linux-gnu/8/../../../x86_64-linux-gnu/crt1.o] ==> ignore
    arg [/usr/bin/../lib/gcc/x86_64-linux-gnu/8/../../../x86_64-linux-gnu/crti.o] ==> ignore
    arg [/usr/bin/../lib/gcc/x86_64-linux-gnu/8/crtbegin.o] ==> ignore
    arg [-L/usr/bin/../lib/gcc/x86_64-linux-gnu/8] ==> dir [/usr/bin/../lib/gcc/x86_64-linux-gnu/8]
    arg [-L/usr/bin/../lib/gcc/x86_64-linux-gnu/8/../../../x86_64-linux-gnu] ==> dir [/usr/bin/../lib/gcc/x86_64-linux-gnu/8/../../../x86_64-linux-gnu]
    arg [-L/usr/bin/../lib/gcc/x86_64-linux-gnu/8/../../../../lib64] ==> dir [/usr/bin/../lib/gcc/x86_64-linux-gnu/8/../../../../lib64]
    arg [-L/lib/x86_64-linux-gnu] ==> dir [/lib/x86_64-linux-gnu]
    arg [-L/lib/../lib64] ==> dir [/lib/../lib64]
    arg [-L/usr/lib/x86_64-linux-gnu] ==> dir [/usr/lib/x86_64-linux-gnu]
    arg [-L/usr/lib/../lib64] ==> dir [/usr/lib/../lib64]
    arg [-L/usr/lib/x86_64-linux-gnu/../../lib64] ==> dir [/usr/lib/x86_64-linux-gnu/../../lib64]
    arg [-L/usr/bin/../lib/gcc/x86_64-linux-gnu/8/../../..] ==> dir [/usr/bin/../lib/gcc/x86_64-linux-gnu/8/../../..]
    arg [-L/usr/lib/llvm-7/bin/../lib] ==> dir [/usr/lib/llvm-7/bin/../lib]
    arg [-L/lib] ==> dir [/lib]
    arg [-L/usr/lib] ==> dir [/usr/lib]
    arg [CMakeFiles/cmTC_23e9a.dir/CMakeCCompilerABI.c.o] ==> ignore
    arg [-lgcc] ==> lib [gcc]
    arg [--as-needed] ==> ignore
    arg [-lgcc_s] ==> lib [gcc_s]
    arg [--no-as-needed] ==> ignore
    arg [-lc] ==> lib [c]
    arg [-lgcc] ==> lib [gcc]
    arg [--as-needed] ==> ignore
    arg [-lgcc_s] ==> lib [gcc_s]
    arg [--no-as-needed] ==> ignore
    arg [/usr/bin/../lib/gcc/x86_64-linux-gnu/8/crtend.o] ==> ignore
    arg [/usr/bin/../lib/gcc/x86_64-linux-gnu/8/../../../x86_64-linux-gnu/crtn.o] ==> ignore
  collapse library dir [/usr/bin/../lib/gcc/x86_64-linux-gnu/8] ==> [/usr/lib/gcc/x86_64-linux-gnu/8]
  collapse library dir [/usr/bin/../lib/gcc/x86_64-linux-gnu/8/../../../x86_64-linux-gnu] ==> [/usr/lib/x86_64-linux-gnu]
  collapse library dir [/usr/bin/../lib/gcc/x86_64-linux-gnu/8/../../../../lib64] ==> [/usr/lib64]
  collapse library dir [/lib/x86_64-linux-gnu] ==> [/lib/x86_64-linux-gnu]
  collapse library dir [/lib/../lib64] ==> [/lib64]
  collapse library dir [/usr/lib/x86_64-linux-gnu] ==> [/usr/lib/x86_64-linux-gnu]
  collapse library dir [/usr/lib/../lib64] ==> [/usr/lib64]
  collapse library dir [/usr/lib/x86_64-linux-gnu/../../lib64] ==> [/usr/lib64]
  collapse library dir [/usr/bin/../lib/gcc/x86_64-linux-gnu/8/../../..] ==> [/usr/lib]
  collapse library dir [/usr/lib/llvm-7/bin/../lib] ==> [/usr/lib/llvm-7/lib]
  collapse library dir [/lib] ==> [/lib]
  collapse library dir [/usr/lib] ==> [/usr/lib]
  implicit libs: [gcc;gcc_s;c;gcc;gcc_s]
  implicit dirs: [/usr/lib/gcc/x86_64-linux-gnu/8;/usr/lib/x86_64-linux-gnu;/usr/lib64;/lib/x86_64-linux-gnu;/lib64;/usr/lib;/usr/lib/llvm-7/lib;/lib]
  implicit fwks: []




Detecting C [-std=c11] compiler features compiled with the following output:
Change Dir: /home/debvmware/vmware_shares/vmware_shared/xrboom-plus/prboom2/CMakeFiles/CMakeTmp

Run Build Command:"/usr/bin/make" "cmTC_bc5f9/fast"
/usr/bin/make -f CMakeFiles/cmTC_bc5f9.dir/build.make CMakeFiles/cmTC_bc5f9.dir/build
make[1]: Entering directory '/home/debvmware/vmware_shares/vmware_shared/xrboom-plus/prboom2/CMakeFiles/CMakeTmp'
Building C object CMakeFiles/cmTC_bc5f9.dir/feature_tests.c.o
/usr/bin/cc   -std=c11 -o CMakeFiles/cmTC_bc5f9.dir/feature_tests.c.o   -c /home/debvmware/vmware_shares/vmware_shared/xrboom-plus/prboom2/CMakeFiles/feature_tests.c
Linking C executable cmTC_bc5f9
/usr/bin/cmake -E cmake_link_script CMakeFiles/cmTC_bc5f9.dir/link.txt --verbose=1
/usr/bin/cc      -rdynamic CMakeFiles/cmTC_bc5f9.dir/feature_tests.c.o  -o cmTC_bc5f9 
make[1]: Leaving directory '/home/debvmware/vmware_shares/vmware_shared/xrboom-plus/prboom2/CMakeFiles/CMakeTmp'


    Feature record: C_FEATURE:1c_function_prototypes
    Feature record: C_FEATURE:1c_restrict
    Feature record: C_FEATURE:1c_static_assert
    Feature record: C_FEATURE:1c_variadic_macros


Detecting C [-std=c99] compiler features compiled with the following output:
Change Dir: /home/debvmware/vmware_shares/vmware_shared/xrboom-plus/prboom2/CMakeFiles/CMakeTmp

Run Build Command:"/usr/bin/make" "cmTC_825ef/fast"
/usr/bin/make -f CMakeFiles/cmTC_825ef.dir/build.make CMakeFiles/cmTC_825ef.dir/build
make[1]: Entering directory '/home/debvmware/vmware_shares/vmware_shared/xrboom-plus/prboom2/CMakeFiles/CMakeTmp'
Building C object CMakeFiles/cmTC_825ef.dir/feature_tests.c.o
/usr/bin/cc   -std=c99 -o CMakeFiles/cmTC_825ef.dir/feature_tests.c.o   -c /home/debvmware/vmware_shares/vmware_shared/xrboom-plus/prboom2/CMakeFiles/feature_tests.c
Linking C executable cmTC_825ef
/usr/bin/cmake -E cmake_link_script CMakeFiles/cmTC_825ef.dir/link.txt --verbose=1
/usr/bin/cc      -rdynamic CMakeFiles/cmTC_825ef.dir/feature_tests.c.o  -o cmTC_825ef 
make[1]: Leaving directory '/home/debvmware/vmware_shares/vmware_shared/xrboom-plus/prboom2/CMakeFiles/CMakeTmp'


    Feature record: C_FEATURE:1c_function_prototypes
    Feature record: C_FEATURE:1c_restrict
    Feature record: C_FEATURE:0c_static_assert
    Feature record: C_FEATURE:1c_variadic_macros


Detecting C [-std=c90] compiler features compiled with the following output:
Change Dir: /home/debvmware/vmware_shares/vmware_shared/xrboom-plus/prboom2/CMakeFiles/CMakeTmp

Run Build Command:"/usr/bin/make" "cmTC_a825d/fast"
/usr/bin/make -f CMakeFiles/cmTC_a825d.dir/build.make CMakeFiles/cmTC_a825d.dir/build
make[1]: Entering directory '/home/debvmware/vmware_shares/vmware_shared/xrboom-plus/prboom2/CMakeFiles/CMakeTmp'
Building C object CMakeFiles/cmTC_a825d.dir/feature_tests.c.o
/usr/bin/cc   -std=c90 -o CMakeFiles/cmTC_a825d.dir/feature_tests.c.o   -c /home/debvmware/vmware_shares/vmware_shared/xrboom-plus/prboom2/CMakeFiles/feature_tests.c
Linking C executable cmTC_a825d
/usr/bin/cmake -E cmake_link_script CMakeFiles/cmTC_a825d.dir/link.txt --verbose=1
/usr/bin/cc      -rdynamic CMakeFiles/cmTC_a825d.dir/feature_tests.c.o  -o cmTC_a825d 
make[1]: Leaving directory '/home/debvmware/vmware_shares/vmware_shared/xrboom-plus/prboom2/CMakeFiles/CMakeTmp'


    Feature record: C_FEATURE:1c_function_prototypes
    Feature record: C_FEATURE:0c_restrict
    Feature record: C_FEATURE:0c_static_assert
    Feature record: C_FEATURE:0c_variadic_macros
Determining if the CXX compiler works passed with the following output:
Change Dir: /home/debvmware/vmware_shares/vmware_shared/xrboom-plus/prboom2/CMakeFiles/CMakeTmp

Run Build Command:"/usr/bin/make" "cmTC_05d20/fast"
/usr/bin/make -f CMakeFiles/cmTC_05d20.dir/build.make CMakeFiles/cmTC_05d20.dir/build
make[1]: Entering directory '/home/debvmware/vmware_shares/vmware_shared/xrboom-plus/prboom2/CMakeFiles/CMakeTmp'
Building CXX object CMakeFiles/cmTC_05d20.dir/testCXXCompiler.cxx.o
/usr/bin/c++     -o CMakeFiles/cmTC_05d20.dir/testCXXCompiler.cxx.o -c /home/debvmware/vmware_shares/vmware_shared/xrboom-plus/prboom2/CMakeFiles/CMakeTmp/testCXXCompiler.cxx
Linking CXX executable cmTC_05d20
/usr/bin/cmake -E cmake_link_script CMakeFiles/cmTC_05d20.dir/link.txt --verbose=1
/usr/bin/c++       -rdynamic CMakeFiles/cmTC_05d20.dir/testCXXCompiler.cxx.o  -o cmTC_05d20 
make[1]: Leaving directory '/home/debvmware/vmware_shares/vmware_shared/xrboom-plus/prboom2/CMakeFiles/CMakeTmp'


Detecting CXX compiler ABI info compiled with the following output:
Change Dir: /home/debvmware/vmware_shares/vmware_shared/xrboom-plus/prboom2/CMakeFiles/CMakeTmp

Run Build Command:"/usr/bin/make" "cmTC_e0443/fast"
make: Warning: File 'Makefile' has modification time 0.054 s in the future
/usr/bin/make -f CMakeFiles/cmTC_e0443.dir/build.make CMakeFiles/cmTC_e0443.dir/build
make[1]: Entering directory '/home/debvmware/vmware_shares/vmware_shared/xrboom-plus/prboom2/CMakeFiles/CMakeTmp'
make[1]: Warning: File 'CMakeFiles/cmTC_e0443.dir/flags.make' has modification time 0.05 s in the future
Building CXX object CMakeFiles/cmTC_e0443.dir/CMakeCXXCompilerABI.cpp.o
/usr/bin/c++     -o CMakeFiles/cmTC_e0443.dir/CMakeCXXCompilerABI.cpp.o -c /usr/share/cmake-3.13/Modules/CMakeCXXCompilerABI.cpp
Linking CXX executable cmTC_e0443
/usr/bin/cmake -E cmake_link_script CMakeFiles/cmTC_e0443.dir/link.txt --verbose=1
/usr/bin/c++      -v -rdynamic CMakeFiles/cmTC_e0443.dir/CMakeCXXCompilerABI.cpp.o  -o cmTC_e0443 
clang version 7.0.1-8+deb10u2 (tags/RELEASE_701/final)
Target: x86_64-pc-linux-gnu
Thread model: posix
InstalledDir: /usr/bin
Found candidate GCC installation: /usr/bin/../lib/gcc/x86_64-linux-gnu/8
Found candidate GCC installation: /usr/lib/gcc/x86_64-linux-gnu/8
Selected GCC installation: /usr/bin/../lib/gcc/x86_64-linux-gnu/8
Candidate multilib: .;@m64
Selected multilib: .;@m64
 "/usr/bin/ld" -export-dynamic --hash-style=both --build-id --eh-frame-hdr -m elf_x86_64 -export-dynamic -dynamic-linker /lib64/ld-linux-x86-64.so.2 -o cmTC_e0443 /usr/bin/../lib/gcc/x86_64-linux-gnu/8/../../../x86_64-linux-gnu/crt1.o /usr/bin/../lib/gcc/x86_64-linux-gnu/8/../../../x86_64-linux-gnu/crti.o /usr/bin/../lib/gcc/x86_64-linux-gnu/8/crtbegin.o -L/usr/bin/../lib/gcc/x86_64-linux-gnu/8 -L/usr/bin/../lib/gcc/x86_64-linux-gnu/8/../../../x86_64-linux-gnu -L/usr/bin/../lib/gcc/x86_64-linux-gnu/8/../../../../lib64 -L/lib/x86_64-linux-gnu -L/lib/../lib64 -L/usr/lib/x86_64-linux-gnu -L/usr/lib/../lib64 -L/usr/lib/x86_64-linux-gnu/../../lib64 -L/usr/bin/../lib/gcc/x86_64-linux-gnu/8/../../.. -L/usr/lib/llvm-7/bin/../lib -L/lib -L/usr/lib CMakeFiles/cmTC_e0443.dir/CMakeCXXCompilerABI.cpp.o -lstdc++ -lm -lgcc_s -lgcc -lc -lgcc_s -lgcc /usr/bin/../lib/gcc/x86_64-linux-gnu/8/crtend.o /usr/bin/../lib/gcc/x86_64-linux-gnu/8/../../../x86_64-linux-gnu/crtn.o
make[1]: warning:  Clock skew detected.  Your build may be incomplete.
make[1]: Leaving directory '/home/debvmware/vmware_shares/vmware_shared/xrboom-plus/prboom2/CMakeFiles/CMakeTmp'
make: warning:  Clock skew detected.  Your build may be incomplete.


Parsed CXX implicit link information from above output:
  link line regex: [^( *|.*[/\])(ld|CMAKE_LINK_STARTFILE-NOTFOUND|([^/\]+-)?ld|collect2)[^/\]*( |$)]
  ignore line: [Change Dir: /home/debvmware/vmware_shares/vmware_shared/xrboom-plus/prboom2/CMakeFiles/CMakeTmp]
  ignore line: []
  ignore line: [Run Build Command:"/usr/bin/make" "cmTC_e0443/fast"]
  ignore line: [make: Warning: File 'Makefile' has modification time 0.054 s in the future]
  ignore line: [/usr/bin/make -f CMakeFiles/cmTC_e0443.dir/build.make CMakeFiles/cmTC_e0443.dir/build]
  ignore line: [make[1]: Entering directory '/home/debvmware/vmware_shares/vmware_shared/xrboom-plus/prboom2/CMakeFiles/CMakeTmp']
  ignore line: [make[1]: Warning: File 'CMakeFiles/cmTC_e0443.dir/flags.make' has modification time 0.05 s in the future]
  ignore line: [Building CXX object CMakeFiles/cmTC_e0443.dir/CMakeCXXCompilerABI.cpp.o]
  ignore line: [/usr/bin/c++     -o CMakeFiles/cmTC_e0443.dir/CMakeCXXCompilerABI.cpp.o -c /usr/share/cmake-3.13/Modules/CMakeCXXCompilerABI.cpp]
  ignore line: [Linking CXX executable cmTC_e0443]
  ignore line: [/usr/bin/cmake -E cmake_link_script CMakeFiles/cmTC_e0443.dir/link.txt --verbose=1]
  ignore line: [/usr/bin/c++      -v -rdynamic CMakeFiles/cmTC_e0443.dir/CMakeCXXCompilerABI.cpp.o  -o cmTC_e0443 ]
  ignore line: [clang version 7.0.1-8+deb10u2 (tags/RELEASE_701/final)]
  ignore line: [Target: x86_64-pc-linux-gnu]
  ignore line: [Thread model: posix]
  ignore line: [InstalledDir: /usr/bin]
  ignore line: [Found candidate GCC installation: /usr/bin/../lib/gcc/x86_64-linux-gnu/8]
  ignore line: [Found candidate GCC installation: /usr/lib/gcc/x86_64-linux-gnu/8]
  ignore line: [Selected GCC installation: /usr/bin/../lib/gcc/x86_64-linux-gnu/8]
  ignore line: [Candidate multilib: .]
  ignore line: [@m64]
  ignore line: [Selected multilib: .]
  ignore line: [@m64]
  link line: [ "/usr/bin/ld" -export-dynamic --hash-style=both --build-id --eh-frame-hdr -m elf_x86_64 -export-dynamic -dynamic-linker /lib64/ld-linux-x86-64.so.2 -o cmTC_e0443 /usr/bin/../lib/gcc/x86_64-linux-gnu/8/../../../x86_64-linux-gnu/crt1.o /usr/bin/../lib/gcc/x86_64-linux-gnu/8/../../../x86_64-linux-gnu/crti.o /usr/bin/../lib/gcc/x86_64-linux-gnu/8/crtbegin.o -L/usr/bin/../lib/gcc/x86_64-linux-gnu/8 -L/usr/bin/../lib/gcc/x86_64-linux-gnu/8/../../../x86_64-linux-gnu -L/usr/bin/../lib/gcc/x86_64-linux-gnu/8/../../../../lib64 -L/lib/x86_64-linux-gnu -L/lib/../lib64 -L/usr/lib/x86_64-linux-gnu -L/usr/lib/../lib64 -L/usr/lib/x86_64-linux-gnu/../../lib64 -L/usr/bin/../lib/gcc/x86_64-linux-gnu/8/../../.. -L/usr/lib/llvm-7/bin/../lib -L/lib -L/usr/lib CMakeFiles/cmTC_e0443.dir/CMakeCXXCompilerABI.cpp.o -lstdc++ -lm -lgcc_s -lgcc -lc -lgcc_s -lgcc /usr/bin/../lib/gcc/x86_64-linux-gnu/8/crtend.o /usr/bin/../lib/gcc/x86_64-linux-gnu/8/../../../x86_64-linux-gnu/crtn.o]
    arg [/usr/bin/ld] ==> ignore
    arg [-export-dynamic] ==> ignore
    arg [--hash-style=both] ==> ignore
    arg [--build-id] ==> ignore
    arg [--eh-frame-hdr] ==> ignore
    arg [-m] ==> ignore
    arg [elf_x86_64] ==> ignore
    arg [-export-dynamic] ==> ignore
    arg [-dynamic-linker] ==> ignore
    arg [/lib64/ld-linux-x86-64.so.2] ==> ignore
    arg [-o] ==> ignore
    arg [cmTC_e0443] ==> ignore
    arg [/usr/bin/../lib/gcc/x86_64-linux-gnu/8/../../../x86_64-linux-gnu/crt1.o] ==> ignore
    arg [/usr/bin/../lib/gcc/x86_64-linux-gnu/8/../../../x86_64-linux-gnu/crti.o] ==> ignore
    arg [/usr/bin/../lib/gcc/x86_64-linux-gnu/8/crtbegin.o] ==> ignore
    arg [-L/usr/bin/../lib/gcc/x86_64-linux-gnu/8] ==> dir [/usr/bin/../lib/gcc/x86_64-linux-gnu/8]
    arg [-L/usr/bin/../lib/gcc/x86_64-linux-gnu/8/../../../x86_64-linux-gnu] ==> dir [/usr/bin/../lib/gcc/x86_64-linux-gnu/8/../../../x86_64-linux-gnu]
    arg [-L/usr/bin/../lib/gcc/x86_64-linux-gnu/8/../../../../lib64] ==> dir [/usr/bin/../lib/gcc/x86_64-linux-gnu/8/../../../../lib64]
    arg [-L/lib/x86_64-linux-gnu] ==> dir [/lib/x86_64-linux-gnu]
    arg [-L/lib/../lib64] ==> dir [/lib/../lib64]
    arg [-L/usr/lib/x86_64-linux-gnu] ==> dir [/usr/lib/x86_64-linux-gnu]
    arg [-L/usr/lib/../lib64] ==> dir [/usr/lib/../lib64]
    arg [-L/usr/lib/x86_64-linux-gnu/../../lib64] ==> dir [/usr/lib/x86_64-linux-gnu/../../lib64]
    arg [-L/usr/bin/../lib/gcc/x86_64-linux-gnu/8/../../..] ==> dir [/usr/bin/../lib/gcc/x86_64-linux-gnu/8/../../..]
    arg [-L/usr/lib/llvm-7/bin/../lib] ==> dir [/usr/lib/llvm-7/bin/../lib]
    arg [-L/lib] ==> dir [/lib]
    arg [-L/usr/lib] ==> dir [/usr/lib]
    arg [CMakeFiles/cmTC_e0443.dir/CMakeCXXCompilerABI.cpp.o] ==> ignore
    arg [-lstdc++] ==> lib [stdc++]
    arg [-lm] ==> lib [m]
    arg [-lgcc_s] ==> lib [gcc_s]
    arg [-lgcc] ==> lib [gcc]
    arg [-lc] ==> lib [c]
    arg [-lgcc_s] ==> lib [gcc_s]
    arg [-lgcc] ==> lib [gcc]
    arg [/usr/bin/../lib/gcc/x86_64-linux-gnu/8/crtend.o] ==> ignore
    arg [/usr/bin/../lib/gcc/x86_64-linux-gnu/8/../../../x86_64-linux-gnu/crtn.o] ==> ignore
  collapse library dir [/usr/bin/../lib/gcc/x86_64-linux-gnu/8] ==> [/usr/lib/gcc/x86_64-linux-gnu/8]
  collapse library dir [/usr/bin/../lib/gcc/x86_64-linux-gnu/8/../../../x86_64-linux-gnu] ==> [/usr/lib/x86_64-linux-gnu]
  collapse library dir [/usr/bin/../lib/gcc/x86_64-linux-gnu/8/../../../../lib64] ==> [/usr/lib64]
  collapse library dir [/lib/x86_64-linux-gnu] ==> [/lib/x86_64-linux-gnu]
  collapse library dir [/lib/../lib64] ==> [/lib64]
  collapse library dir [/usr/lib/x86_64-linux-gnu] ==> [/usr/lib/x86_64-linux-gnu]
  collapse library dir [/usr/lib/../lib64] ==> [/usr/lib64]
  collapse library dir [/usr/lib/x86_64-linux-gnu/../../lib64] ==> [/usr/lib64]
  collapse library dir [/usr/bin/../lib/gcc/x86_64-linux-gnu/8/../../..] ==> [/usr/lib]
  collapse library dir [/usr/lib/llvm-7/bin/../lib] ==> [/usr/lib/llvm-7/lib]
  collapse library dir [/lib] ==> [/lib]
  collapse library dir [/usr/lib] ==> [/usr/lib]
  implicit libs: [stdc++;m;gcc_s;gcc;c;gcc_s;gcc]
  implicit dirs: [/usr/lib/gcc/x86_64-linux-gnu/8;/usr/lib/x86_64-linux-gnu;/usr/lib64;/lib/x86_64-linux-gnu;/lib64;/usr/lib;/usr/lib/llvm-7/lib;/lib]
  implicit fwks: []




Detecting CXX [-std=c++2a] compiler features compiled with the following output:
Change Dir: /home/debvmware/vmware_shares/vmware_shared/xrboom-plus/prboom2/CMakeFiles/CMakeTmp

Run Build Command:"/usr/bin/make" "cmTC_3bb86/fast"
/usr/bin/make -f CMakeFiles/cmTC_3bb86.dir/build.make CMakeFiles/cmTC_3bb86.dir/build
make[1]: Entering directory '/home/debvmware/vmware_shares/vmware_shared/xrboom-plus/prboom2/CMakeFiles/CMakeTmp'
Building CXX object CMakeFiles/cmTC_3bb86.dir/feature_tests.cxx.o
/usr/bin/c++    -std=c++2a -o CMakeFiles/cmTC_3bb86.dir/feature_tests.cxx.o -c /home/debvmware/vmware_shares/vmware_shared/xrboom-plus/prboom2/CMakeFiles/feature_tests.cxx
Linking CXX executable cmTC_3bb86
/usr/bin/cmake -E cmake_link_script CMakeFiles/cmTC_3bb86.dir/link.txt --verbose=1
/usr/bin/c++       -rdynamic CMakeFiles/cmTC_3bb86.dir/feature_tests.cxx.o  -o cmTC_3bb86 
make[1]: Leaving directory '/home/debvmware/vmware_shares/vmware_shared/xrboom-plus/prboom2/CMakeFiles/CMakeTmp'


    Feature record: CXX_FEATURE:1cxx_aggregate_default_initializers
    Feature record: CXX_FEATURE:1cxx_alias_templates
    Feature record: CXX_FEATURE:1cxx_alignas
    Feature record: CXX_FEATURE:1cxx_alignof
    Feature record: CXX_FEATURE:1cxx_attributes
    Feature record: CXX_FEATURE:1cxx_attribute_deprecated
    Feature record: CXX_FEATURE:1cxx_auto_type
    Feature record: CXX_FEATURE:1cxx_binary_literals
    Feature record: CXX_FEATURE:1cxx_constexpr
    Feature record: CXX_FEATURE:1cxx_contextual_conversions
    Feature record: CXX_FEATURE:1cxx_decltype
    Feature record: CXX_FEATURE:1cxx_decltype_auto
    Feature record: CXX_FEATURE:1cxx_decltype_incomplete_return_types
    Feature record: CXX_FEATURE:1cxx_default_function_template_args
    Feature record: CXX_FEATURE:1cxx_defaulted_functions
    Feature record: CXX_FEATURE:1cxx_defaulted_move_initializers
    Feature record: CXX_FEATURE:1cxx_delegating_constructors
    Feature record: CXX_FEATURE:1cxx_deleted_functions
    Feature record: CXX_FEATURE:1cxx_digit_separators
    Feature record: CXX_FEATURE:1cxx_enum_forward_declarations
    Feature record: CXX_FEATURE:1cxx_explicit_conversions
    Feature record: CXX_FEATURE:1cxx_extended_friend_declarations
    Feature record: CXX_FEATURE:1cxx_extern_templates
    Feature record: CXX_FEATURE:1cxx_final
    Feature record: CXX_FEATURE:1cxx_func_identifier
    Feature record: CXX_FEATURE:1cxx_generalized_initializers
    Feature record: CXX_FEATURE:1cxx_generic_lambdas
    Feature record: CXX_FEATURE:1cxx_inheriting_constructors
    Feature record: CXX_FEATURE:1cxx_inline_namespaces
    Feature record: CXX_FEATURE:1cxx_lambdas
    Feature record: CXX_FEATURE:1cxx_lambda_init_captures
    Feature record: CXX_FEATURE:1cxx_local_type_template_args
    Feature record: CXX_FEATURE:1cxx_long_long_type
    Feature record: CXX_FEATURE:1cxx_noexcept
    Feature record: CXX_FEATURE:1cxx_nonstatic_member_init
    Feature record: CXX_FEATURE:1cxx_nullptr
    Feature record: CXX_FEATURE:1cxx_override
    Feature record: CXX_FEATURE:1cxx_range_for
    Feature record: CXX_FEATURE:1cxx_raw_string_literals
    Feature record: CXX_FEATURE:1cxx_reference_qualified_functions
    Feature record: CXX_FEATURE:1cxx_relaxed_constexpr
    Feature record: CXX_FEATURE:1cxx_return_type_deduction
    Feature record: CXX_FEATURE:1cxx_right_angle_brackets
    Feature record: CXX_FEATURE:1cxx_rvalue_references
    Feature record: CXX_FEATURE:1cxx_sizeof_member
    Feature record: CXX_FEATURE:1cxx_static_assert
    Feature record: CXX_FEATURE:1cxx_strong_enums
    Feature record: CXX_FEATURE:1cxx_template_template_parameters
    Feature record: CXX_FEATURE:1cxx_thread_local
    Feature record: CXX_FEATURE:1cxx_trailing_return_types
    Feature record: CXX_FEATURE:1cxx_unicode_literals
    Feature record: CXX_FEATURE:1cxx_uniform_initialization
    Feature record: CXX_FEATURE:1cxx_unrestricted_unions
    Feature record: CXX_FEATURE:1cxx_user_literals
    Feature record: CXX_FEATURE:1cxx_variable_templates
    Feature record: CXX_FEATURE:1cxx_variadic_macros
    Feature record: CXX_FEATURE:1cxx_variadic_templates


Detecting CXX [-std=c++17] compiler features compiled with the following output:
Change Dir: /home/debvmware/vmware_shares/vmware_shared/xrboom-plus/prboom2/CMakeFiles/CMakeTmp

Run Build Command:"/usr/bin/make" "cmTC_7d1c1/fast"
/usr/bin/make -f CMakeFiles/cmTC_7d1c1.dir/build.make CMakeFiles/cmTC_7d1c1.dir/build
make[1]: Entering directory '/home/debvmware/vmware_shares/vmware_shared/xrboom-plus/prboom2/CMakeFiles/CMakeTmp'
Building CXX object CMakeFiles/cmTC_7d1c1.dir/feature_tests.cxx.o
/usr/bin/c++    -std=c++17 -o CMakeFiles/cmTC_7d1c1.dir/feature_tests.cxx.o -c /home/debvmware/vmware_shares/vmware_shared/xrboom-plus/prboom2/CMakeFiles/feature_tests.cxx
Linking CXX executable cmTC_7d1c1
/usr/bin/cmake -E cmake_link_script CMakeFiles/cmTC_7d1c1.dir/link.txt --verbose=1
/usr/bin/c++       -rdynamic CMakeFiles/cmTC_7d1c1.dir/feature_tests.cxx.o  -o cmTC_7d1c1 
make[1]: Leaving directory '/home/debvmware/vmware_shares/vmware_shared/xrboom-plus/prboom2/CMakeFiles/CMakeTmp'


    Feature record: CXX_FEATURE:1cxx_aggregate_default_initializers
    Feature record: CXX_FEATURE:1cxx_alias_templates
    Feature record: CXX_FEATURE:1cxx_alignas
    Feature record: CXX_FEATURE:1cxx_alignof
    Feature record: CXX_FEATURE:1cxx_attributes
    Feature record: CXX_FEATURE:1cxx_attribute_deprecated
    Feature record: CXX_FEATURE:1cxx_auto_type
    Feature record: CXX_FEATURE:1cxx_binary_literals
    Feature record: CXX_FEATURE:1cxx_constexpr
    Feature record: CXX_FEATURE:1cxx_contextual_conversions
    Feature record: CXX_FEATURE:1cxx_decltype
    Feature record: CXX_FEATURE:1cxx_decltype_auto
    Feature record: CXX_FEATURE:1cxx_decltype_incomplete_return_types
    Feature record: CXX_FEATURE:1cxx_default_function_template_args
    Feature record: CXX_FEATURE:1cxx_defaulted_functions
    Feature record: CXX_FEATURE:1cxx_defaulted_move_initializers
    Feature record: CXX_FEATURE:1cxx_delegating_constructors
    Feature record: CXX_FEATURE:1cxx_deleted_functions
    Feature record: CXX_FEATURE:1cxx_digit_separators
    Feature record: CXX_FEATURE:1cxx_enum_forward_declarations
    Feature record: CXX_FEATURE:1cxx_explicit_conversions
    Feature record: CXX_FEATURE:1cxx_extended_friend_declarations
    Feature record: CXX_FEATURE:1cxx_extern_templates
    Feature record: CXX_FEATURE:1cxx_final
    Feature record: CXX_FEATURE:1cxx_func_identifier
    Feature record: CXX_FEATURE:1cxx_generalized_initializers
    Feature record: CXX_FEATURE:1cxx_generic_lambdas
    Feature record: CXX_FEATURE:1cxx_inheriting_constructors
    Feature record: CXX_FEATURE:1cxx_inline_namespaces
    Feature record: CXX_FEATURE:1cxx_lambdas
    Feature record: CXX_FEATURE:1cxx_lambda_init_captures
    Feature record: CXX_FEATURE:1cxx_local_type_template_args
    Feature record: CXX_FEATURE:1cxx_long_long_type
    Feature record: CXX_FEATURE:1cxx_noexcept
    Feature record: CXX_FEATURE:1cxx_nonstatic_member_init
    Feature record: CXX_FEATURE:1cxx_nullptr
    Feature record: CXX_FEATURE:1cxx_override
    Feature record: CXX_FEATURE:1cxx_range_for
    Feature record: CXX_FEATURE:1cxx_raw_string_literals
    Feature record: CXX_FEATURE:1cxx_reference_qualified_functions
    Feature record: CXX_FEATURE:1cxx_relaxed_constexpr
    Feature record: CXX_FEATURE:1cxx_return_type_deduction
    Feature record: CXX_FEATURE:1cxx_right_angle_brackets
    Feature record: CXX_FEATURE:1cxx_rvalue_references
    Feature record: CXX_FEATURE:1cxx_sizeof_member
    Feature record: CXX_FEATURE:1cxx_static_assert
    Feature record: CXX_FEATURE:1cxx_strong_enums
    Feature record: CXX_FEATURE:1cxx_template_template_parameters
    Feature record: CXX_FEATURE:1cxx_thread_local
    Feature record: CXX_FEATURE:1cxx_trailing_return_types
    Feature record: CXX_FEATURE:1cxx_unicode_literals
    Feature record: CXX_FEATURE:1cxx_uniform_initialization
    Feature record: CXX_FEATURE:1cxx_unrestricted_unions
    Feature record: CXX_FEATURE:1cxx_user_literals
    Feature record: CXX_FEATURE:1cxx_variable_templates
    Feature record: CXX_FEATURE:1cxx_variadic_macros
    Feature record: CXX_FEATURE:1cxx_variadic_templates


Detecting CXX [-std=c++14] compiler features compiled with the following output:
Change Dir: /home/debvmware/vmware_shares/vmware_shared/xrboom-plus/prboom2/CMakeFiles/CMakeTmp

Run Build Command:"/usr/bin/make" "cmTC_4176f/fast"
/usr/bin/make -f CMakeFiles/cmTC_4176f.dir/build.make CMakeFiles/cmTC_4176f.dir/build
make[1]: Entering directory '/home/debvmware/vmware_shares/vmware_shared/xrboom-plus/prboom2/CMakeFiles/CMakeTmp'
Building CXX object CMakeFiles/cmTC_4176f.dir/feature_tests.cxx.o
/usr/bin/c++    -std=c++14 -o CMakeFiles/cmTC_4176f.dir/feature_tests.cxx.o -c /home/debvmware/vmware_shares/vmware_shared/xrboom-plus/prboom2/CMakeFiles/feature_tests.cxx
Linking CXX executable cmTC_4176f
/usr/bin/cmake -E cmake_link_script CMakeFiles/cmTC_4176f.dir/link.txt --verbose=1
/usr/bin/c++       -rdynamic CMakeFiles/cmTC_4176f.dir/feature_tests.cxx.o  -o cmTC_4176f 
make[1]: Leaving directory '/home/debvmware/vmware_shares/vmware_shared/xrboom-plus/prboom2/CMakeFiles/CMakeTmp'


    Feature record: CXX_FEATURE:1cxx_aggregate_default_initializers
    Feature record: CXX_FEATURE:1cxx_alias_templates
    Feature record: CXX_FEATURE:1cxx_alignas
    Feature record: CXX_FEATURE:1cxx_alignof
    Feature record: CXX_FEATURE:1cxx_attributes
    Feature record: CXX_FEATURE:1cxx_attribute_deprecated
    Feature record: CXX_FEATURE:1cxx_auto_type
    Feature record: CXX_FEATURE:1cxx_binary_literals
    Feature record: CXX_FEATURE:1cxx_constexpr
    Feature record: CXX_FEATURE:1cxx_contextual_conversions
    Feature record: CXX_FEATURE:1cxx_decltype
    Feature record: CXX_FEATURE:1cxx_decltype_auto
    Feature record: CXX_FEATURE:1cxx_decltype_incomplete_return_types
    Feature record: CXX_FEATURE:1cxx_default_function_template_args
    Feature record: CXX_FEATURE:1cxx_defaulted_functions
    Feature record: CXX_FEATURE:1cxx_defaulted_move_initializers
    Feature record: CXX_FEATURE:1cxx_delegating_constructors
    Feature record: CXX_FEATURE:1cxx_deleted_functions
    Feature record: CXX_FEATURE:1cxx_digit_separators
    Feature record: CXX_FEATURE:1cxx_enum_forward_declarations
    Feature record: CXX_FEATURE:1cxx_explicit_conversions
    Feature record: CXX_FEATURE:1cxx_extended_friend_declarations
    Feature record: CXX_FEATURE:1cxx_extern_templates
    Feature record: CXX_FEATURE:1cxx_final
    Feature record: CXX_FEATURE:1cxx_func_identifier
    Feature record: CXX_FEATURE:1cxx_generalized_initializers
    Feature record: CXX_FEATURE:1cxx_generic_lambdas
    Feature record: CXX_FEATURE:1cxx_inheriting_constructors
    Feature record: CXX_FEATURE:1cxx_inline_namespaces
    Feature record: CXX_FEATURE:1cxx_lambdas
    Feature record: CXX_FEATURE:1cxx_lambda_init_captures
    Feature record: CXX_FEATURE:1cxx_local_type_template_args
    Feature record: CXX_FEATURE:1cxx_long_long_type
    Feature record: CXX_FEATURE:1cxx_noexcept
    Feature record: CXX_FEATURE:1cxx_nonstatic_member_init
    Feature record: CXX_FEATURE:1cxx_nullptr
    Feature record: CXX_FEATURE:1cxx_override
    Feature record: CXX_FEATURE:1cxx_range_for
    Feature record: CXX_FEATURE:1cxx_raw_string_literals
    Feature record: CXX_FEATURE:1cxx_reference_qualified_functions
    Feature record: CXX_FEATURE:1cxx_relaxed_constexpr
    Feature record: CXX_FEATURE:1cxx_return_type_deduction
    Feature record: CXX_FEATURE:1cxx_right_angle_brackets
    Feature record: CXX_FEATURE:1cxx_rvalue_references
    Feature record: CXX_FEATURE:1cxx_sizeof_member
    Feature record: CXX_FEATURE:1cxx_static_assert
    Feature record: CXX_FEATURE:1cxx_strong_enums
    Feature record: CXX_FEATURE:1cxx_template_template_parameters
    Feature record: CXX_FEATURE:1cxx_thread_local
    Feature record: CXX_FEATURE:1cxx_trailing_return_types
    Feature record: CXX_FEATURE:1cxx_unicode_literals
    Feature record: CXX_FEATURE:1cxx_uniform_initialization
    Feature record: CXX_FEATURE:1cxx_unrestricted_unions
    Feature record: CXX_FEATURE:1cxx_user_literals
    Feature record: CXX_FEATURE:1cxx_variable_templates
    Feature record: CXX_FEATURE:1cxx_variadic_macros
    Feature record: CXX_FEATURE:1cxx_variadic_templates


Detecting CXX [-std=c++11] compiler features compiled with the following output:
Change Dir: /home/debvmware/vmware_shares/vmware_shared/xrboom-plus/prboom2/CMakeFiles/CMakeTmp

Run Build Command:"/usr/bin/make" "cmTC_9d4c9/fast"
/usr/bin/make -f CMakeFiles/cmTC_9d4c9.dir/build.make CMakeFiles/cmTC_9d4c9.dir/build
make[1]: Entering directory '/home/debvmware/vmware_shares/vmware_shared/xrboom-plus/prboom2/CMakeFiles/CMakeTmp'
Building CXX object CMakeFiles/cmTC_9d4c9.dir/feature_tests.cxx.o
/usr/bin/c++    -std=c++11 -o CMakeFiles/cmTC_9d4c9.dir/feature_tests.cxx.o -c /home/debvmware/vmware_shares/vmware_shared/xrboom-plus/prboom2/CMakeFiles/feature_tests.cxx
Linking CXX executable cmTC_9d4c9
/usr/bin/cmake -E cmake_link_script CMakeFiles/cmTC_9d4c9.dir/link.txt --verbose=1
/usr/bin/c++       -rdynamic CMakeFiles/cmTC_9d4c9.dir/feature_tests.cxx.o  -o cmTC_9d4c9 
make[1]: Leaving directory '/home/debvmware/vmware_shares/vmware_shared/xrboom-plus/prboom2/CMakeFiles/CMakeTmp'


    Feature record: CXX_FEATURE:0cxx_aggregate_default_initializers
    Feature record: CXX_FEATURE:1cxx_alias_templates
    Feature record: CXX_FEATURE:1cxx_alignas
    Feature record: CXX_FEATURE:1cxx_alignof
    Feature record: CXX_FEATURE:1cxx_attributes
    Feature record: CXX_FEATURE:0cxx_attribute_deprecated
    Feature record: CXX_FEATURE:1cxx_auto_type
    Feature record: CXX_FEATURE:0cxx_binary_literals
    Feature record: CXX_FEATURE:1cxx_constexpr
    Feature record: CXX_FEATURE:0cxx_contextual_conversions
    Feature record: CXX_FEATURE:1cxx_decltype
    Feature record: CXX_FEATURE:0cxx_decltype_auto
    Feature record: CXX_FEATURE:1cxx_decltype_incomplete_return_types
    Feature record: CXX_FEATURE:1cxx_default_function_template_args
    Feature record: CXX_FEATURE:1cxx_defaulted_functions
    Feature record: CXX_FEATURE:1cxx_defaulted_move_initializers
    Feature record: CXX_FEATURE:1cxx_delegating_constructors
    Feature record: CXX_FEATURE:1cxx_deleted_functions
    Feature record: CXX_FEATURE:0cxx_digit_separators
    Feature record: CXX_FEATURE:1cxx_enum_forward_declarations
    Feature record: CXX_FEATURE:1cxx_explicit_conversions
    Feature record: CXX_FEATURE:1cxx_extended_friend_declarations
    Feature record: CXX_FEATURE:1cxx_extern_templates
    Feature record: CXX_FEATURE:1cxx_final
    Feature record: CXX_FEATURE:1cxx_func_identifier
    Feature record: CXX_FEATURE:1cxx_generalized_initializers
    Feature record: CXX_FEATURE:0cxx_generic_lambdas
    Feature record: CXX_FEATURE:1cxx_inheriting_constructors
    Feature record: CXX_FEATURE:1cxx_inline_namespaces
    Feature record: CXX_FEATURE:1cxx_lambdas
    Feature record: CXX_FEATURE:0cxx_lambda_init_captures
    Feature record: CXX_FEATURE:1cxx_local_type_template_args
    Feature record: CXX_FEATURE:1cxx_long_long_type
    Feature record: CXX_FEATURE:1cxx_noexcept
    Feature record: CXX_FEATURE:1cxx_nonstatic_member_init
    Feature record: CXX_FEATURE:1cxx_nullptr
    Feature record: CXX_FEATURE:1cxx_override
    Feature record: CXX_FEATURE:1cxx_range_for
    Feature record: CXX_FEATURE:1cxx_raw_string_literals
    Feature record: CXX_FEATURE:1cxx_reference_qualified_functions
    Feature record: CXX_FEATURE:0cxx_relaxed_constexpr
    Feature record: CXX_FEATURE:0cxx_return_type_deduction
    Feature record: CXX_FEATURE:1cxx_right_angle_brackets
    Feature record: CXX_FEATURE:1cxx_rvalue_references
    Feature record: CXX_FEATURE:1cxx_sizeof_member
    Feature record: CXX_FEATURE:1cxx_static_assert
    Feature record: CXX_FEATURE:1cxx_strong_enums
    Feature record: CXX_FEATURE:1cxx_template_template_parameters
    Feature record: CXX_FEATURE:1cxx_thread_local
    Feature record: CXX_FEATURE:1cxx_trailing_return_types
    Feature record: CXX_FEATURE:1cxx_unicode_literals
    Feature record: CXX_FEATURE:1cxx_uniform_initialization
    Feature record: CXX_FEATURE:1cxx_unrestricted_unions
    Feature record: CXX_FEATURE:1cxx_user_literals
    Feature record: CXX_FEATURE:0cxx_variable_templates
    Feature record: CXX_FEATURE:1cxx_variadic_macros
    Feature record: CXX_FEATURE:1cxx_variadic_templates


Detecting CXX [-std=c++98] compiler features compiled with the following output:
Change Dir: /home/debvmware/vmware_shares/vmware_shared/xrboom-plus/prboom2/CMakeFiles/CMakeTmp

Run Build Command:"/usr/bin/make" "cmTC_9e3b3/fast"
/usr/bin/make -f CMakeFiles/cmTC_9e3b3.dir/build.make CMakeFiles/cmTC_9e3b3.dir/build
make[1]: Entering directory '/home/debvmware/vmware_shares/vmware_shared/xrboom-plus/prboom2/CMakeFiles/CMakeTmp'
Building CXX object CMakeFiles/cmTC_9e3b3.dir/feature_tests.cxx.o
/usr/bin/c++    -std=c++98 -o CMakeFiles/cmTC_9e3b3.dir/feature_tests.cxx.o -c /home/debvmware/vmware_shares/vmware_shared/xrboom-plus/prboom2/CMakeFiles/feature_tests.cxx
Linking CXX executable cmTC_9e3b3
/usr/bin/cmake -E cmake_link_script CMakeFiles/cmTC_9e3b3.dir/link.txt --verbose=1
/usr/bin/c++       -rdynamic CMakeFiles/cmTC_9e3b3.dir/feature_tests.cxx.o  -o cmTC_9e3b3 
make[1]: Leaving directory '/home/debvmware/vmware_shares/vmware_shared/xrboom-plus/prboom2/CMakeFiles/CMakeTmp'


    Feature record: CXX_FEATURE:0cxx_aggregate_default_initializers
    Feature record: CXX_FEATURE:0cxx_alias_templates
    Feature record: CXX_FEATURE:0cxx_alignas
    Feature record: CXX_FEATURE:0cxx_alignof
    Feature record: CXX_FEATURE:0cxx_attributes
    Feature record: CXX_FEATURE:0cxx_attribute_deprecated
    Feature record: CXX_FEATURE:0cxx_auto_type
    Feature record: CXX_FEATURE:0cxx_binary_literals
    Feature record: CXX_FEATURE:0cxx_constexpr
    Feature record: CXX_FEATURE:0cxx_contextual_conversions
    Feature record: CXX_FEATURE:0cxx_decltype
    Feature record: CXX_FEATURE:0cxx_decltype_auto
    Feature record: CXX_FEATURE:0cxx_decltype_incomplete_return_types
    Feature record: CXX_FEATURE:0cxx_default_function_template_args
    Feature record: CXX_FEATURE:0cxx_defaulted_functions
    Feature record: CXX_FEATURE:0cxx_defaulted_move_initializers
    Feature record: CXX_FEATURE:0cxx_delegating_constructors
    Feature record: CXX_FEATURE:0cxx_deleted_functions
    Feature record: CXX_FEATURE:0cxx_digit_separators
    Feature record: CXX_FEATURE:0cxx_enum_forward_declarations
    Feature record: CXX_FEATURE:0cxx_explicit_conversions
    Feature record: CXX_FEATURE:0cxx_extended_friend_declarations
    Feature record: CXX_FEATURE:0cxx_extern_templates
    Feature record: CXX_FEATURE:0cxx_final
    Feature record: CXX_FEATURE:0cxx_func_identifier
    Feature record: CXX_FEATURE:0cxx_generalized_initializers
    Feature record: CXX_FEATURE:0cxx_generic_lambdas
    Feature record: CXX_FEATURE:0cxx_inheriting_constructors
    Feature record: CXX_FEATURE:0cxx_inline_namespaces
    Feature record: CXX_FEATURE:0cxx_lambdas
    Feature record: CXX_FEATURE:0cxx_lambda_init_captures
    Feature record: CXX_FEATURE:0cxx_local_type_template_args
    Feature record: CXX_FEATURE:0cxx_long_long_type
    Feature record: CXX_FEATURE:0cxx_noexcept
    Feature record: CXX_FEATURE:0cxx_nonstatic_member_init
    Feature record: CXX_FEATURE:0cxx_nullptr
    Feature record: CXX_FEATURE:0cxx_override
    Feature record: CXX_FEATURE:0cxx_range_for
    Feature record: CXX_FEATURE:0cxx_raw_string_literals
    Feature record: CXX_FEATURE:0cxx_reference_qualified_functions
    Feature record: CXX_FEATURE:0cxx_relaxed_constexpr
    Feature record: CXX_FEATURE:0cxx_return_type_deduction
    Feature record: CXX_FEATURE:0cxx_right_angle_brackets
    Feature record: CXX_FEATURE:0cxx_rvalue_references
    Feature record: CXX_FEATURE:0cxx_sizeof_member
    Feature record: CXX_FEATURE:0cxx_static_assert
    Feature record: CXX_FEATURE:0cxx_strong_enums
    Feature record: CXX_FEATURE:1cxx_template_template_parameters
    Feature record: CXX_FEATURE:0cxx_thread_local
    Feature record: CXX_FEATURE:0cxx_trailing_return_types
    Feature record: CXX_FEATURE:0cxx_unicode_literals
    Feature record: CXX_FEATURE:0cxx_uniform_initialization
    Feature record: CXX_FEATURE:0cxx_unrestricted_unions
    Feature record: CXX_FEATURE:0cxx_user_literals
    Feature record: CXX_FEATURE:0cxx_variable_templates
    Feature record: CXX_FEATURE:0cxx_variadic_macros
    Feature record: CXX_FEATURE:0cxx_variadic_templates
Determining if the include file sys/types.h exists passed with the following output:
Change Dir: /home/debvmware/vmware_shares/vmware_shared/xrboom-plus/prboom2/CMakeFiles/CMakeTmp

Run Build Command:"/usr/bin/make" "cmTC_5e8da/fast"
/usr/bin/make -f CMakeFiles/cmTC_5e8da.dir/build.make CMakeFiles/cmTC_5e8da.dir/build
make[1]: Entering directory '/home/debvmware/vmware_shares/vmware_shared/xrboom-plus/prboom2/CMakeFiles/CMakeTmp'
Building C object CMakeFiles/cmTC_5e8da.dir/CheckIncludeFile.c.o
/usr/bin/cc    -o CMakeFiles/cmTC_5e8da.dir/CheckIncludeFile.c.o   -c /home/debvmware/vmware_shares/vmware_shared/xrboom-plus/prboom2/CMakeFiles/CMakeTmp/CheckIncludeFile.c
Linking C executable cmTC_5e8da
/usr/bin/cmake -E cmake_link_script CMakeFiles/cmTC_5e8da.dir/link.txt --verbose=1
/usr/bin/cc      -rdynamic CMakeFiles/cmTC_5e8da.dir/CheckIncludeFile.c.o  -o cmTC_5e8da 
make[1]: Leaving directory '/home/debvmware/vmware_shares/vmware_shared/xrboom-plus/prboom2/CMakeFiles/CMakeTmp'


Determining if the include file stdint.h exists passed with the following output:
Change Dir: /home/debvmware/vmware_shares/vmware_shared/xrboom-plus/prboom2/CMakeFiles/CMakeTmp

Run Build Command:"/usr/bin/make" "cmTC_6e8e9/fast"
/usr/bin/make -f CMakeFiles/cmTC_6e8e9.dir/build.make CMakeFiles/cmTC_6e8e9.dir/build
make[1]: Entering directory '/home/debvmware/vmware_shares/vmware_shared/xrboom-plus/prboom2/CMakeFiles/CMakeTmp'
Building C object CMakeFiles/cmTC_6e8e9.dir/CheckIncludeFile.c.o
/usr/bin/cc    -o CMakeFiles/cmTC_6e8e9.dir/CheckIncludeFile.c.o   -c /home/debvmware/vmware_shares/vmware_shared/xrboom-plus/prboom2/CMakeFiles/CMakeTmp/CheckIncludeFile.c
Linking C executable cmTC_6e8e9
/usr/bin/cmake -E cmake_link_script CMakeFiles/cmTC_6e8e9.dir/link.txt --verbose=1
/usr/bin/cc      -rdynamic CMakeFiles/cmTC_6e8e9.dir/CheckIncludeFile.c.o  -o cmTC_6e8e9 
make[1]: Leaving directory '/home/debvmware/vmware_shares/vmware_shared/xrboom-plus/prboom2/CMakeFiles/CMakeTmp'


Determining if the include file stddef.h exists passed with the following output:
Change Dir: /home/debvmware/vmware_shares/vmware_shared/xrboom-plus/prboom2/CMakeFiles/CMakeTmp

Run Build Command:"/usr/bin/make" "cmTC_4cea7/fast"
/usr/bin/make -f CMakeFiles/cmTC_4cea7.dir/build.make CMakeFiles/cmTC_4cea7.dir/build
make[1]: Entering directory '/home/debvmware/vmware_shares/vmware_shared/xrboom-plus/prboom2/CMakeFiles/CMakeTmp'
Building C object CMakeFiles/cmTC_4cea7.dir/CheckIncludeFile.c.o
/usr/bin/cc    -o CMakeFiles/cmTC_4cea7.dir/CheckIncludeFile.c.o   -c /home/debvmware/vmware_shares/vmware_shared/xrboom-plus/prboom2/CMakeFiles/CMakeTmp/CheckIncludeFile.c
Linking C executable cmTC_4cea7
/usr/bin/cmake -E cmake_link_script CMakeFiles/cmTC_4cea7.dir/link.txt --verbose=1
/usr/bin/cc      -rdynamic CMakeFiles/cmTC_4cea7.dir/CheckIncludeFile.c.o  -o cmTC_4cea7 
make[1]: Leaving directory '/home/debvmware/vmware_shares/vmware_shared/xrboom-plus/prboom2/CMakeFiles/CMakeTmp'


Determining size of unsigned short passed with the following output:
Change Dir: /home/debvmware/vmware_shares/vmware_shared/xrboom-plus/prboom2/CMakeFiles/CMakeTmp

Run Build Command:"/usr/bin/make" "cmTC_e942c/fast"
/usr/bin/make -f CMakeFiles/cmTC_e942c.dir/build.make CMakeFiles/cmTC_e942c.dir/build
make[1]: Entering directory '/home/debvmware/vmware_shares/vmware_shared/xrboom-plus/prboom2/CMakeFiles/CMakeTmp'
Building C object CMakeFiles/cmTC_e942c.dir/CMAKE_SIZEOF_UNSIGNED_SHORT.c.o
/usr/bin/cc    -o CMakeFiles/cmTC_e942c.dir/CMAKE_SIZEOF_UNSIGNED_SHORT.c.o   -c /home/debvmware/vmware_shares/vmware_shared/xrboom-plus/prboom2/CMakeFiles/CheckTypeSize/CMAKE_SIZEOF_UNSIGNED_SHORT.c
Linking C executable cmTC_e942c
/usr/bin/cmake -E cmake_link_script CMakeFiles/cmTC_e942c.dir/link.txt --verbose=1
/usr/bin/cc      -rdynamic CMakeFiles/cmTC_e942c.dir/CMAKE_SIZEOF_UNSIGNED_SHORT.c.o  -o cmTC_e942c 
make[1]: Leaving directory '/home/debvmware/vmware_shares/vmware_shared/xrboom-plus/prboom2/CMakeFiles/CMakeTmp'


Determining if the system is big endian passed with the following output:
Change Dir: /home/debvmware/vmware_shares/vmware_shared/xrboom-plus/prboom2/CMakeFiles/CMakeTmp

Run Build Command:"/usr/bin/make" "cmTC_548df/fast"
/usr/bin/make -f CMakeFiles/cmTC_548df.dir/build.make CMakeFiles/cmTC_548df.dir/build
make[1]: Entering directory '/home/debvmware/vmware_shares/vmware_shared/xrboom-plus/prboom2/CMakeFiles/CMakeTmp'
Building C object CMakeFiles/cmTC_548df.dir/TestEndianess.c.o
/usr/bin/cc    -o CMakeFiles/cmTC_548df.dir/TestEndianess.c.o   -c /home/debvmware/vmware_shares/vmware_shared/xrboom-plus/prboom2/CMakeFiles/CMakeTmp/TestEndianess.c
Linking C executable cmTC_548df
/usr/bin/cmake -E cmake_link_script CMakeFiles/cmTC_548df.dir/link.txt --verbose=1
/usr/bin/cc      -rdynamic CMakeFiles/cmTC_548df.dir/TestEndianess.c.o  -o cmTC_548df 
make[1]: Leaving directory '/home/debvmware/vmware_shares/vmware_shared/xrboom-plus/prboom2/CMakeFiles/CMakeTmp'

TestEndianess.c:
/* A 16 bit integer is required. */
typedef unsigned short cmakeint16;

/* On a little endian machine, these 16bit ints will give "THIS IS LITTLE ENDIAN."
   On a big endian machine the characters will be exchanged pairwise. */
const cmakeint16 info_little[] =  {0x4854, 0x5349, 0x4920, 0x2053, 0x494c, 0x5454, 0x454c, 0x4520, 0x444e, 0x4149, 0x2e4e, 0x0000};

/* on a big endian machine, these 16bit ints will give "THIS IS BIG ENDIAN."
   On a little endian machine the characters will be exchanged pairwise. */
const cmakeint16 info_big[] =     {0x5448, 0x4953, 0x2049, 0x5320, 0x4249, 0x4720, 0x454e, 0x4449, 0x414e, 0x2e2e, 0x0000};

#ifdef __CLASSIC_C__
int main(argc, argv) int argc; char *argv[];
#else
int main(int argc, char *argv[])
#endif
{
  int require = 0;
  require += info_little[argc];
  require += info_big[argc];
  (void)argv;
  return require;
}


Determining if the getopt exist passed with the following output:
Change Dir: /home/debvmware/vmware_shares/vmware_shared/xrboom-plus/prboom2/CMakeFiles/CMakeTmp

Run Build Command:"/usr/bin/make" "cmTC_0bd32/fast"
/usr/bin/make -f CMakeFiles/cmTC_0bd32.dir/build.make CMakeFiles/cmTC_0bd32.dir/build
make[1]: Entering directory '/home/debvmware/vmware_shares/vmware_shared/xrboom-plus/prboom2/CMakeFiles/CMakeTmp'
Building C object CMakeFiles/cmTC_0bd32.dir/CheckSymbolExists.c.o
/usr/bin/cc    -o CMakeFiles/cmTC_0bd32.dir/CheckSymbolExists.c.o   -c /home/debvmware/vmware_shares/vmware_shared/xrboom-plus/prboom2/CMakeFiles/CMakeTmp/CheckSymbolExists.c
Linking C executable cmTC_0bd32
/usr/bin/cmake -E cmake_link_script CMakeFiles/cmTC_0bd32.dir/link.txt --verbose=1
/usr/bin/cc      -rdynamic CMakeFiles/cmTC_0bd32.dir/CheckSymbolExists.c.o  -o cmTC_0bd32 
make[1]: Leaving directory '/home/debvmware/vmware_shares/vmware_shared/xrboom-plus/prboom2/CMakeFiles/CMakeTmp'

File /home/debvmware/vmware_shares/vmware_shared/xrboom-plus/prboom2/CMakeFiles/CMakeTmp/CheckSymbolExists.c:
/* */
#include <unistd.h>

int main(int argc, char** argv)
{
  (void)argv;
#ifndef getopt
  return ((int*)(&getopt))[argc];
#else
  (void)argc;
  return 0;
#endif
}

Determining if the mmap exist passed with the following output:
Change Dir: /home/debvmware/vmware_shares/vmware_shared/xrboom-plus/prboom2/CMakeFiles/CMakeTmp

Run Build Command:"/usr/bin/make" "cmTC_0ce66/fast"
/usr/bin/make -f CMakeFiles/cmTC_0ce66.dir/build.make CMakeFiles/cmTC_0ce66.dir/build
make[1]: Entering directory '/home/debvmware/vmware_shares/vmware_shared/xrboom-plus/prboom2/CMakeFiles/CMakeTmp'
Building C object CMakeFiles/cmTC_0ce66.dir/CheckSymbolExists.c.o
/usr/bin/cc    -o CMakeFiles/cmTC_0ce66.dir/CheckSymbolExists.c.o   -c /home/debvmware/vmware_shares/vmware_shared/xrboom-plus/prboom2/CMakeFiles/CMakeTmp/CheckSymbolExists.c
Linking C executable cmTC_0ce66
/usr/bin/cmake -E cmake_link_script CMakeFiles/cmTC_0ce66.dir/link.txt --verbose=1
/usr/bin/cc      -rdynamic CMakeFiles/cmTC_0ce66.dir/CheckSymbolExists.c.o  -o cmTC_0ce66 
make[1]: Leaving directory '/home/debvmware/vmware_shares/vmware_shared/xrboom-plus/prboom2/CMakeFiles/CMakeTmp'

File /home/debvmware/vmware_shares/vmware_shared/xrboom-plus/prboom2/CMakeFiles/CMakeTmp/CheckSymbolExists.c:
/* */
#include <sys/mman.h>

int main(int argc, char** argv)
{
  (void)argv;
#ifndef mmap
  return ((int*)(&mmap))[argc];
#else
  (void)argc;
  return 0;
#endif
}

Determining if the sched_setaffinity exist passed with the following output:
Change Dir: /home/debvmware/vmware_shares/vmware_shared/xrboom-plus/prboom2/CMakeFiles/CMakeTmp

Run Build Command:"/usr/bin/make" "cmTC_3bc04/fast"
/usr/bin/make -f CMakeFiles/cmTC_3bc04.dir/build.make CMakeFiles/cmTC_3bc04.dir/build
make[1]: Entering directory '/home/debvmware/vmware_shares/vmware_shared/xrboom-plus/prboom2/CMakeFiles/CMakeTmp'
Building C object CMakeFiles/cmTC_3bc04.dir/CheckSymbolExists.c.o
/usr/bin/cc -D_GNU_SOURCE   -o CMakeFiles/cmTC_3bc04.dir/CheckSymbolExists.c.o   -c /home/debvmware/vmware_shares/vmware_shared/xrboom-plus/prboom2/CMakeFiles/CMakeTmp/CheckSymbolExists.c
Linking C executable cmTC_3bc04
/usr/bin/cmake -E cmake_link_script CMakeFiles/cmTC_3bc04.dir/link.txt --verbose=1
/usr/bin/cc      -rdynamic CMakeFiles/cmTC_3bc04.dir/CheckSymbolExists.c.o  -o cmTC_3bc04 
make[1]: Leaving directory '/home/debvmware/vmware_shares/vmware_shared/xrboom-plus/prboom2/CMakeFiles/CMakeTmp'

File /home/debvmware/vmware_shares/vmware_shared/xrboom-plus/prboom2/CMakeFiles/CMakeTmp/CheckSymbolExists.c:
/* */
#include <sched.h>

int main(int argc, char** argv)
{
  (void)argv;
#ifndef sched_setaffinity
  return ((int*)(&sched_setaffinity))[argc];
#else
  (void)argc;
  return 0;
#endif
}

Determining if the usleep exist passed with the following output:
Change Dir: /home/debvmware/vmware_shares/vmware_shared/xrboom-plus/prboom2/CMakeFiles/CMakeTmp

Run Build Command:"/usr/bin/make" "cmTC_f1d2c/fast"
/usr/bin/make -f CMakeFiles/cmTC_f1d2c.dir/build.make CMakeFiles/cmTC_f1d2c.dir/build
make[1]: Entering directory '/home/debvmware/vmware_shares/vmware_shared/xrboom-plus/prboom2/CMakeFiles/CMakeTmp'
Building C object CMakeFiles/cmTC_f1d2c.dir/CheckSymbolExists.c.o
/usr/bin/cc    -o CMakeFiles/cmTC_f1d2c.dir/CheckSymbolExists.c.o   -c /home/debvmware/vmware_shares/vmware_shared/xrboom-plus/prboom2/CMakeFiles/CMakeTmp/CheckSymbolExists.c
Linking C executable cmTC_f1d2c
/usr/bin/cmake -E cmake_link_script CMakeFiles/cmTC_f1d2c.dir/link.txt --verbose=1
/usr/bin/cc      -rdynamic CMakeFiles/cmTC_f1d2c.dir/CheckSymbolExists.c.o  -o cmTC_f1d2c 
make[1]: Leaving directory '/home/debvmware/vmware_shares/vmware_shared/xrboom-plus/prboom2/CMakeFiles/CMakeTmp'

File /home/debvmware/vmware_shares/vmware_shared/xrboom-plus/prboom2/CMakeFiles/CMakeTmp/CheckSymbolExists.c:
/* */
#include <unistd.h>

int main(int argc, char** argv)
{
  (void)argv;
#ifndef usleep
  return ((int*)(&usleep))[argc];
#else
  (void)argc;
  return 0;
#endif
}

Determining if the strsignal exist passed with the following output:
Change Dir: /home/debvmware/vmware_shares/vmware_shared/xrboom-plus/prboom2/CMakeFiles/CMakeTmp

Run Build Command:"/usr/bin/make" "cmTC_1873d/fast"
/usr/bin/make -f CMakeFiles/cmTC_1873d.dir/build.make CMakeFiles/cmTC_1873d.dir/build
make[1]: Entering directory '/home/debvmware/vmware_shares/vmware_shared/xrboom-plus/prboom2/CMakeFiles/CMakeTmp'
Building C object CMakeFiles/cmTC_1873d.dir/CheckSymbolExists.c.o
/usr/bin/cc    -o CMakeFiles/cmTC_1873d.dir/CheckSymbolExists.c.o   -c /home/debvmware/vmware_shares/vmware_shared/xrboom-plus/prboom2/CMakeFiles/CMakeTmp/CheckSymbolExists.c
Linking C executable cmTC_1873d
/usr/bin/cmake -E cmake_link_script CMakeFiles/cmTC_1873d.dir/link.txt --verbose=1
/usr/bin/cc      -rdynamic CMakeFiles/cmTC_1873d.dir/CheckSymbolExists.c.o  -o cmTC_1873d 
make[1]: Leaving directory '/home/debvmware/vmware_shares/vmware_shared/xrboom-plus/prboom2/CMakeFiles/CMakeTmp'

File /home/debvmware/vmware_shares/vmware_shared/xrboom-plus/prboom2/CMakeFiles/CMakeTmp/CheckSymbolExists.c:
/* */
#include <string.h>

int main(int argc, char** argv)
{
  (void)argv;
#ifndef strsignal
  return ((int*)(&strsignal))[argc];
#else
  (void)argc;
  return 0;
#endif
}

Determining if the mkstemp exist passed with the following output:
Change Dir: /home/debvmware/vmware_shares/vmware_shared/xrboom-plus/prboom2/CMakeFiles/CMakeTmp

Run Build Command:"/usr/bin/make" "cmTC_9160a/fast"
/usr/bin/make -f CMakeFiles/cmTC_9160a.dir/build.make CMakeFiles/cmTC_9160a.dir/build
make[1]: Entering directory '/home/debvmware/vmware_shares/vmware_shared/xrboom-plus/prboom2/CMakeFiles/CMakeTmp'
Building C object CMakeFiles/cmTC_9160a.dir/CheckSymbolExists.c.o
/usr/bin/cc    -o CMakeFiles/cmTC_9160a.dir/CheckSymbolExists.c.o   -c /home/debvmware/vmware_shares/vmware_shared/xrboom-plus/prboom2/CMakeFiles/CMakeTmp/CheckSymbolExists.c
Linking C executable cmTC_9160a
/usr/bin/cmake -E cmake_link_script CMakeFiles/cmTC_9160a.dir/link.txt --verbose=1
/usr/bin/cc      -rdynamic CMakeFiles/cmTC_9160a.dir/CheckSymbolExists.c.o  -o cmTC_9160a 
make[1]: Leaving directory '/home/debvmware/vmware_shares/vmware_shared/xrboom-plus/prboom2/CMakeFiles/CMakeTmp'

File /home/debvmware/vmware_shares/vmware_shared/xrboom-plus/prboom2/CMakeFiles/CMakeTmp/CheckSymbolExists.c:
/* */
#include <stdlib.h>

int main(int argc, char** argv)
{
  (void)argv;
#ifndef mkstemp
  return ((int*)(&mkstemp))[argc];
#else
  (void)argc;
  return 0;
#endif
}

Determining if the include file sys/wait.h exists passed with the following output:
Change Dir: /home/debvmware/vmware_shares/vmware_shared/xrboom-plus/prboom2/CMakeFiles/CMakeTmp

Run Build Command:"/usr/bin/make" "cmTC_e0f61/fast"
make: Warning: File 'Makefile' has modification time 0.0053 s in the future
/usr/bin/make -f CMakeFiles/cmTC_e0f61.dir/build.make CMakeFiles/cmTC_e0f61.dir/build
make[1]: Entering directory '/home/debvmware/vmware_shares/vmware_shared/xrboom-plus/prboom2/CMakeFiles/CMakeTmp'
make[1]: Warning: File 'CMakeFiles/cmTC_e0f61.dir/flags.make' has modification time 0.0014 s in the future
Building C object CMakeFiles/cmTC_e0f61.dir/CheckIncludeFile.c.o
/usr/bin/cc    -o CMakeFiles/cmTC_e0f61.dir/CheckIncludeFile.c.o   -c /home/debvmware/vmware_shares/vmware_shared/xrboom-plus/prboom2/CMakeFiles/CMakeTmp/CheckIncludeFile.c
Linking C executable cmTC_e0f61
/usr/bin/cmake -E cmake_link_script CMakeFiles/cmTC_e0f61.dir/link.txt --verbose=1
/usr/bin/cc      -rdynamic CMakeFiles/cmTC_e0f61.dir/CheckIncludeFile.c.o  -o cmTC_e0f61 
make[1]: warning:  Clock skew detected.  Your build may be incomplete.
make[1]: Leaving directory '/home/debvmware/vmware_shares/vmware_shared/xrboom-plus/prboom2/CMakeFiles/CMakeTmp'
make: warning:  Clock skew detected.  Your build may be incomplete.


Determining if the include file unistd.h exists passed with the following output:
Change Dir: /home/debvmware/vmware_shares/vmware_shared/xrboom-plus/prboom2/CMakeFiles/CMakeTmp

Run Build Command:"/usr/bin/make" "cmTC_215d0/fast"
/usr/bin/make -f CMakeFiles/cmTC_215d0.dir/build.make CMakeFiles/cmTC_215d0.dir/build
make[1]: Entering directory '/home/debvmware/vmware_shares/vmware_shared/xrboom-plus/prboom2/CMakeFiles/CMakeTmp'
Building C object CMakeFiles/cmTC_215d0.dir/CheckIncludeFile.c.o
/usr/bin/cc    -o CMakeFiles/cmTC_215d0.dir/CheckIncludeFile.c.o   -c /home/debvmware/vmware_shares/vmware_shared/xrboom-plus/prboom2/CMakeFiles/CMakeTmp/CheckIncludeFile.c
Linking C executable cmTC_215d0
/usr/bin/cmake -E cmake_link_script CMakeFiles/cmTC_215d0.dir/link.txt --verbose=1
/usr/bin/cc      -rdynamic CMakeFiles/cmTC_215d0.dir/CheckIncludeFile.c.o  -o cmTC_215d0 
make[1]: Leaving directory '/home/debvmware/vmware_shares/vmware_shared/xrboom-plus/prboom2/CMakeFiles/CMakeTmp'


Determining if the include file asm/byteorder.h exists passed with the following output:
Change Dir: /home/debvmware/vmware_shares/vmware_shared/xrboom-plus/prboom2/CMakeFiles/CMakeTmp

Run Build Command:"/usr/bin/make" "cmTC_490a1/fast"
/usr/bin/make -f CMakeFiles/cmTC_490a1.dir/build.make CMakeFiles/cmTC_490a1.dir/build
make[1]: Entering directory '/home/debvmware/vmware_shares/vmware_shared/xrboom-plus/prboom2/CMakeFiles/CMakeTmp'
Building C object CMakeFiles/cmTC_490a1.dir/CheckIncludeFile.c.o
/usr/bin/cc    -o CMakeFiles/cmTC_490a1.dir/CheckIncludeFile.c.o   -c /home/debvmware/vmware_shares/vmware_shared/xrboom-plus/prboom2/CMakeFiles/CMakeTmp/CheckIncludeFile.c
Linking C executable cmTC_490a1
/usr/bin/cmake -E cmake_link_script CMakeFiles/cmTC_490a1.dir/link.txt --verbose=1
/usr/bin/cc      -rdynamic CMakeFiles/cmTC_490a1.dir/CheckIncludeFile.c.o  -o cmTC_490a1 
make[1]: Leaving directory '/home/debvmware/vmware_shares/vmware_shared/xrboom-plus/prboom2/CMakeFiles/CMakeTmp'


Determining if the SDL_JoystickGetAxis exist passed with the following output:
Change Dir: /home/debvmware/vmware_shares/vmware_shared/xrboom-plus/prboom2/CMakeFiles/CMakeTmp

Run Build Command:"/usr/bin/make" "cmTC_8cec2/fast"
/usr/bin/make -f CMakeFiles/cmTC_8cec2.dir/build.make CMakeFiles/cmTC_8cec2.dir/build
make[1]: Entering directory '/home/debvmware/vmware_shares/vmware_shared/xrboom-plus/prboom2/CMakeFiles/CMakeTmp'
Building C object CMakeFiles/cmTC_8cec2.dir/CheckSymbolExists.c.o
/usr/bin/cc  -I/usr/include/SDL2   -o CMakeFiles/cmTC_8cec2.dir/CheckSymbolExists.c.o   -c /home/debvmware/vmware_shares/vmware_shared/xrboom-plus/prboom2/CMakeFiles/CMakeTmp/CheckSymbolExists.c
Linking C executable cmTC_8cec2
/usr/bin/cmake -E cmake_link_script CMakeFiles/cmTC_8cec2.dir/link.txt --verbose=1
/usr/bin/cc      -rdynamic CMakeFiles/cmTC_8cec2.dir/CheckSymbolExists.c.o  -o cmTC_8cec2 /usr/lib/x86_64-linux-gnu/libSDL2main.a /usr/lib/x86_64-linux-gnu/libSDL2.so 
make[1]: Leaving directory '/home/debvmware/vmware_shares/vmware_shared/xrboom-plus/prboom2/CMakeFiles/CMakeTmp'

File /home/debvmware/vmware_shares/vmware_shared/xrboom-plus/prboom2/CMakeFiles/CMakeTmp/CheckSymbolExists.c:
/* */
#include <SDL.h>

int main(int argc, char** argv)
{
  (void)argv;
#ifndef SDL_JoystickGetAxis
  return ((int*)(&SDL_JoystickGetAxis))[argc];
#else
  (void)argc;
  return 0;
#endif
}

