The system is: Linux - 4.19.0-13-amd64 - x86_64
Compiling the C compiler identification source file "CMakeCCompilerId.c" succeeded.
Compiler: /usr/bin/cc 
Build flags: 
Id flags:  

The output was:
0


Compilation of the C compiler identification source "CMakeCCompilerId.c" produced "a.out"

The C compiler identification is Clang, found in "/home/debvmware/vmware_shares/vmware_shared/xrboom-plus/prboom2/src/CMakeFiles/3.13.4/CompilerIdC/a.out"

Compiling the CXX compiler identification source file "CMakeCXXCompilerId.cpp" succeeded.
Compiler: /usr/bin/c++ 
Build flags: 
Id flags:  

The output was:
0


Compilation of the CXX compiler identification source "CMakeCXXCompilerId.cpp" produced "a.out"

The CXX compiler identification is Clang, found in "/home/debvmware/vmware_shares/vmware_shared/xrboom-plus/prboom2/src/CMakeFiles/3.13.4/CompilerIdCXX/a.out"

Determining if the C compiler works passed with the following output:
Change Dir: /home/debvmware/vmware_shares/vmware_shared/xrboom-plus/prboom2/src/CMakeFiles/CMakeTmp

Run Build Command:"/usr/bin/make" "cmTC_1d4ef/fast"
/usr/bin/make -f CMakeFiles/cmTC_1d4ef.dir/build.make CMakeFiles/cmTC_1d4ef.dir/build
make[1]: Entering directory '/home/debvmware/vmware_shares/vmware_shared/xrboom-plus/prboom2/src/CMakeFiles/CMakeTmp'
Building C object CMakeFiles/cmTC_1d4ef.dir/testCCompiler.c.o
/usr/bin/cc    -o CMakeFiles/cmTC_1d4ef.dir/testCCompiler.c.o   -c /home/debvmware/vmware_shares/vmware_shared/xrboom-plus/prboom2/src/CMakeFiles/CMakeTmp/testCCompiler.c
Linking C executable cmTC_1d4ef
/usr/bin/cmake -E cmake_link_script CMakeFiles/cmTC_1d4ef.dir/link.txt --verbose=1
/usr/bin/cc      -rdynamic CMakeFiles/cmTC_1d4ef.dir/testCCompiler.c.o  -o cmTC_1d4ef 
make[1]: Leaving directory '/home/debvmware/vmware_shares/vmware_shared/xrboom-plus/prboom2/src/CMakeFiles/CMakeTmp'


Detecting C compiler ABI info compiled with the following output:
Change Dir: /home/debvmware/vmware_shares/vmware_shared/xrboom-plus/prboom2/src/CMakeFiles/CMakeTmp

Run Build Command:"/usr/bin/make" "cmTC_6f19a/fast"
/usr/bin/make -f CMakeFiles/cmTC_6f19a.dir/build.make CMakeFiles/cmTC_6f19a.dir/build
make[1]: Entering directory '/home/debvmware/vmware_shares/vmware_shared/xrboom-plus/prboom2/src/CMakeFiles/CMakeTmp'
Building C object CMakeFiles/cmTC_6f19a.dir/CMakeCCompilerABI.c.o
/usr/bin/cc    -o CMakeFiles/cmTC_6f19a.dir/CMakeCCompilerABI.c.o   -c /usr/share/cmake-3.13/Modules/CMakeCCompilerABI.c
Linking C executable cmTC_6f19a
/usr/bin/cmake -E cmake_link_script CMakeFiles/cmTC_6f19a.dir/link.txt --verbose=1
/usr/bin/cc     -v -rdynamic CMakeFiles/cmTC_6f19a.dir/CMakeCCompilerABI.c.o  -o cmTC_6f19a 
clang version 7.0.1-8+deb10u2 (tags/RELEASE_701/final)
Target: x86_64-pc-linux-gnu
Thread model: posix
InstalledDir: /usr/bin
Found candidate GCC installation: /usr/bin/../lib/gcc/x86_64-linux-gnu/8
Found candidate GCC installation: /usr/lib/gcc/x86_64-linux-gnu/8
Selected GCC installation: /usr/bin/../lib/gcc/x86_64-linux-gnu/8
Candidate multilib: .;@m64
Selected multilib: .;@m64
 "/usr/bin/ld" -export-dynamic --hash-style=both --build-id --eh-frame-hdr -m elf_x86_64 -export-dynamic -dynamic-linker /lib64/ld-linux-x86-64.so.2 -o cmTC_6f19a /usr/bin/../lib/gcc/x86_64-linux-gnu/8/../../../x86_64-linux-gnu/crt1.o /usr/bin/../lib/gcc/x86_64-linux-gnu/8/../../../x86_64-linux-gnu/crti.o /usr/bin/../lib/gcc/x86_64-linux-gnu/8/crtbegin.o -L/usr/bin/../lib/gcc/x86_64-linux-gnu/8 -L/usr/bin/../lib/gcc/x86_64-linux-gnu/8/../../../x86_64-linux-gnu -L/usr/bin/../lib/gcc/x86_64-linux-gnu/8/../../../../lib64 -L/lib/x86_64-linux-gnu -L/lib/../lib64 -L/usr/lib/x86_64-linux-gnu -L/usr/lib/../lib64 -L/usr/lib/x86_64-linux-gnu/../../lib64 -L/usr/bin/../lib/gcc/x86_64-linux-gnu/8/../../.. -L/usr/lib/llvm-7/bin/../lib -L/lib -L/usr/lib CMakeFiles/cmTC_6f19a.dir/CMakeCCompilerABI.c.o -lgcc --as-needed -lgcc_s --no-as-needed -lc -lgcc --as-needed -lgcc_s --no-as-needed /usr/bin/../lib/gcc/x86_64-linux-gnu/8/crtend.o /usr/bin/../lib/gcc/x86_64-linux-gnu/8/../../../x86_64-linux-gnu/crtn.o
make[1]: Leaving directory '/home/debvmware/vmware_shares/vmware_shared/xrboom-plus/prboom2/src/CMakeFiles/CMakeTmp'


Parsed C implicit link information from above output:
  link line regex: [^( *|.*[/\])(ld|CMAKE_LINK_STARTFILE-NOTFOUND|([^/\]+-)?ld|collect2)[^/\]*( |$)]
  ignore line: [Change Dir: /home/debvmware/vmware_shares/vmware_shared/xrboom-plus/prboom2/src/CMakeFiles/CMakeTmp]
  ignore line: []
  ignore line: [Run Build Command:"/usr/bin/make" "cmTC_6f19a/fast"]
  ignore line: [/usr/bin/make -f CMakeFiles/cmTC_6f19a.dir/build.make CMakeFiles/cmTC_6f19a.dir/build]
  ignore line: [make[1]: Entering directory '/home/debvmware/vmware_shares/vmware_shared/xrboom-plus/prboom2/src/CMakeFiles/CMakeTmp']
  ignore line: [Building C object CMakeFiles/cmTC_6f19a.dir/CMakeCCompilerABI.c.o]
  ignore line: [/usr/bin/cc    -o CMakeFiles/cmTC_6f19a.dir/CMakeCCompilerABI.c.o   -c /usr/share/cmake-3.13/Modules/CMakeCCompilerABI.c]
  ignore line: [Linking C executable cmTC_6f19a]
  ignore line: [/usr/bin/cmake -E cmake_link_script CMakeFiles/cmTC_6f19a.dir/link.txt --verbose=1]
  ignore line: [/usr/bin/cc     -v -rdynamic CMakeFiles/cmTC_6f19a.dir/CMakeCCompilerABI.c.o  -o cmTC_6f19a ]
  ignore line: [clang version 7.0.1-8+deb10u2 (tags/RELEASE_701/final)]
  ignore line: [Target: x86_64-pc-linux-gnu]
  ignore line: [Thread model: posix]
  ignore line: [InstalledDir: /usr/bin]
  ignore line: [Found candidate GCC installation: /usr/bin/../lib/gcc/x86_64-linux-gnu/8]
  ignore line: [Found candidate GCC installation: /usr/lib/gcc/x86_64-linux-gnu/8]
  ignore line: [Selected GCC installation: /usr/bin/../lib/gcc/x86_64-linux-gnu/8]
  ignore line: [Candidate multilib: .]
  ignore line: [@m64]
  ignore line: [Selected multilib: .]
  ignore line: [@m64]
  link line: [ "/usr/bin/ld" -export-dynamic --hash-style=both --build-id --eh-frame-hdr -m elf_x86_64 -export-dynamic -dynamic-linker /lib64/ld-linux-x86-64.so.2 -o cmTC_6f19a /usr/bin/../lib/gcc/x86_64-linux-gnu/8/../../../x86_64-linux-gnu/crt1.o /usr/bin/../lib/gcc/x86_64-linux-gnu/8/../../../x86_64-linux-gnu/crti.o /usr/bin/../lib/gcc/x86_64-linux-gnu/8/crtbegin.o -L/usr/bin/../lib/gcc/x86_64-linux-gnu/8 -L/usr/bin/../lib/gcc/x86_64-linux-gnu/8/../../../x86_64-linux-gnu -L/usr/bin/../lib/gcc/x86_64-linux-gnu/8/../../../../lib64 -L/lib/x86_64-linux-gnu -L/lib/../lib64 -L/usr/lib/x86_64-linux-gnu -L/usr/lib/../lib64 -L/usr/lib/x86_64-linux-gnu/../../lib64 -L/usr/bin/../lib/gcc/x86_64-linux-gnu/8/../../.. -L/usr/lib/llvm-7/bin/../lib -L/lib -L/usr/lib CMakeFiles/cmTC_6f19a.dir/CMakeCCompilerABI.c.o -lgcc --as-needed -lgcc_s --no-as-needed -lc -lgcc --as-needed -lgcc_s --no-as-needed /usr/bin/../lib/gcc/x86_64-linux-gnu/8/crtend.o /usr/bin/../lib/gcc/x86_64-linux-gnu/8/../../../x86_64-linux-gnu/crtn.o]
    arg [/usr/bin/ld] ==> ignore
    arg [-export-dynamic] ==> ignore
    arg [--hash-style=both] ==> ignore
    arg [--build-id] ==> ignore
    arg [--eh-frame-hdr] ==> ignore
    arg [-m] ==> ignore
    arg [elf_x86_64] ==> ignore
    arg [-export-dynamic] ==> ignore
    arg [-dynamic-linker] ==> ignore
    arg [/lib64/ld-linux-x86-64.so.2] ==> ignore
    arg [-o] ==> ignore
    arg [cmTC_6f19a] ==> ignore
    arg [/usr/bin/../lib/gcc/x86_64-linux-gnu/8/../../../x86_64-linux-gnu/crt1.o] ==> ignore
    arg [/usr/bin/../lib/gcc/x86_64-linux-gnu/8/../../../x86_64-linux-gnu/crti.o] ==> ignore
    arg [/usr/bin/../lib/gcc/x86_64-linux-gnu/8/crtbegin.o] ==> ignore
    arg [-L/usr/bin/../lib/gcc/x86_64-linux-gnu/8] ==> dir [/usr/bin/../lib/gcc/x86_64-linux-gnu/8]
    arg [-L/usr/bin/../lib/gcc/x86_64-linux-gnu/8/../../../x86_64-linux-gnu] ==> dir [/usr/bin/../lib/gcc/x86_64-linux-gnu/8/../../../x86_64-linux-gnu]
    arg [-L/usr/bin/../lib/gcc/x86_64-linux-gnu/8/../../../../lib64] ==> dir [/usr/bin/../lib/gcc/x86_64-linux-gnu/8/../../../../lib64]
    arg [-L/lib/x86_64-linux-gnu] ==> dir [/lib/x86_64-linux-gnu]
    arg [-L/lib/../lib64] ==> dir [/lib/../lib64]
    arg [-L/usr/lib/x86_64-linux-gnu] ==> dir [/usr/lib/x86_64-linux-gnu]
    arg [-L/usr/lib/../lib64] ==> dir [/usr/lib/../lib64]
    arg [-L/usr/lib/x86_64-linux-gnu/../../lib64] ==> dir [/usr/lib/x86_64-linux-gnu/../../lib64]
    arg [-L/usr/bin/../lib/gcc/x86_64-linux-gnu/8/../../..] ==> dir [/usr/bin/../lib/gcc/x86_64-linux-gnu/8/../../..]
    arg [-L/usr/lib/llvm-7/bin/../lib] ==> dir [/usr/lib/llvm-7/bin/../lib]
    arg [-L/lib] ==> dir [/lib]
    arg [-L/usr/lib] ==> dir [/usr/lib]
    arg [CMakeFiles/cmTC_6f19a.dir/CMakeCCompilerABI.c.o] ==> ignore
    arg [-lgcc] ==> lib [gcc]
    arg [--as-needed] ==> ignore
    arg [-lgcc_s] ==> lib [gcc_s]
    arg [--no-as-needed] ==> ignore
    arg [-lc] ==> lib [c]
    arg [-lgcc] ==> lib [gcc]
    arg [--as-needed] ==> ignore
    arg [-lgcc_s] ==> lib [gcc_s]
    arg [--no-as-needed] ==> ignore
    arg [/usr/bin/../lib/gcc/x86_64-linux-gnu/8/crtend.o] ==> ignore
    arg [/usr/bin/../lib/gcc/x86_64-linux-gnu/8/../../../x86_64-linux-gnu/crtn.o] ==> ignore
  collapse library dir [/usr/bin/../lib/gcc/x86_64-linux-gnu/8] ==> [/usr/lib/gcc/x86_64-linux-gnu/8]
  collapse library dir [/usr/bin/../lib/gcc/x86_64-linux-gnu/8/../../../x86_64-linux-gnu] ==> [/usr/lib/x86_64-linux-gnu]
  collapse library dir [/usr/bin/../lib/gcc/x86_64-linux-gnu/8/../../../../lib64] ==> [/usr/lib64]
  collapse library dir [/lib/x86_64-linux-gnu] ==> [/lib/x86_64-linux-gnu]
  collapse library dir [/lib/../lib64] ==> [/lib64]
  collapse library dir [/usr/lib/x86_64-linux-gnu] ==> [/usr/lib/x86_64-linux-gnu]
  collapse library dir [/usr/lib/../lib64] ==> [/usr/lib64]
  collapse library dir [/usr/lib/x86_64-linux-gnu/../../lib64] ==> [/usr/lib64]
  collapse library dir [/usr/bin/../lib/gcc/x86_64-linux-gnu/8/../../..] ==> [/usr/lib]
  collapse library dir [/usr/lib/llvm-7/bin/../lib] ==> [/usr/lib/llvm-7/lib]
  collapse library dir [/lib] ==> [/lib]
  collapse library dir [/usr/lib] ==> [/usr/lib]
  implicit libs: [gcc;gcc_s;c;gcc;gcc_s]
  implicit dirs: [/usr/lib/gcc/x86_64-linux-gnu/8;/usr/lib/x86_64-linux-gnu;/usr/lib64;/lib/x86_64-linux-gnu;/lib64;/usr/lib;/usr/lib/llvm-7/lib;/lib]
  implicit fwks: []




Detecting C [-std=c11] compiler features compiled with the following output:
Change Dir: /home/debvmware/vmware_shares/vmware_shared/xrboom-plus/prboom2/src/CMakeFiles/CMakeTmp

Run Build Command:"/usr/bin/make" "cmTC_d7317/fast"
/usr/bin/make -f CMakeFiles/cmTC_d7317.dir/build.make CMakeFiles/cmTC_d7317.dir/build
make[1]: Entering directory '/home/debvmware/vmware_shares/vmware_shared/xrboom-plus/prboom2/src/CMakeFiles/CMakeTmp'
Building C object CMakeFiles/cmTC_d7317.dir/feature_tests.c.o
/usr/bin/cc   -std=c11 -o CMakeFiles/cmTC_d7317.dir/feature_tests.c.o   -c /home/debvmware/vmware_shares/vmware_shared/xrboom-plus/prboom2/src/CMakeFiles/feature_tests.c
Linking C executable cmTC_d7317
/usr/bin/cmake -E cmake_link_script CMakeFiles/cmTC_d7317.dir/link.txt --verbose=1
/usr/bin/cc      -rdynamic CMakeFiles/cmTC_d7317.dir/feature_tests.c.o  -o cmTC_d7317 
make[1]: Leaving directory '/home/debvmware/vmware_shares/vmware_shared/xrboom-plus/prboom2/src/CMakeFiles/CMakeTmp'


    Feature record: C_FEATURE:1c_function_prototypes
    Feature record: C_FEATURE:1c_restrict
    Feature record: C_FEATURE:1c_static_assert
    Feature record: C_FEATURE:1c_variadic_macros


Detecting C [-std=c99] compiler features compiled with the following output:
Change Dir: /home/debvmware/vmware_shares/vmware_shared/xrboom-plus/prboom2/src/CMakeFiles/CMakeTmp

Run Build Command:"/usr/bin/make" "cmTC_0dee3/fast"
/usr/bin/make -f CMakeFiles/cmTC_0dee3.dir/build.make CMakeFiles/cmTC_0dee3.dir/build
make[1]: Entering directory '/home/debvmware/vmware_shares/vmware_shared/xrboom-plus/prboom2/src/CMakeFiles/CMakeTmp'
Building C object CMakeFiles/cmTC_0dee3.dir/feature_tests.c.o
/usr/bin/cc   -std=c99 -o CMakeFiles/cmTC_0dee3.dir/feature_tests.c.o   -c /home/debvmware/vmware_shares/vmware_shared/xrboom-plus/prboom2/src/CMakeFiles/feature_tests.c
Linking C executable cmTC_0dee3
/usr/bin/cmake -E cmake_link_script CMakeFiles/cmTC_0dee3.dir/link.txt --verbose=1
/usr/bin/cc      -rdynamic CMakeFiles/cmTC_0dee3.dir/feature_tests.c.o  -o cmTC_0dee3 
make[1]: Leaving directory '/home/debvmware/vmware_shares/vmware_shared/xrboom-plus/prboom2/src/CMakeFiles/CMakeTmp'


    Feature record: C_FEATURE:1c_function_prototypes
    Feature record: C_FEATURE:1c_restrict
    Feature record: C_FEATURE:0c_static_assert
    Feature record: C_FEATURE:1c_variadic_macros


Detecting C [-std=c90] compiler features compiled with the following output:
Change Dir: /home/debvmware/vmware_shares/vmware_shared/xrboom-plus/prboom2/src/CMakeFiles/CMakeTmp

Run Build Command:"/usr/bin/make" "cmTC_90d99/fast"
/usr/bin/make -f CMakeFiles/cmTC_90d99.dir/build.make CMakeFiles/cmTC_90d99.dir/build
make[1]: Entering directory '/home/debvmware/vmware_shares/vmware_shared/xrboom-plus/prboom2/src/CMakeFiles/CMakeTmp'
make[1]: Warning: File 'CMakeFiles/cmTC_90d99.dir/progress.make' has modification time 0.042 s in the future
Building C object CMakeFiles/cmTC_90d99.dir/feature_tests.c.o
/usr/bin/cc   -std=c90 -o CMakeFiles/cmTC_90d99.dir/feature_tests.c.o   -c /home/debvmware/vmware_shares/vmware_shared/xrboom-plus/prboom2/src/CMakeFiles/feature_tests.c
Linking C executable cmTC_90d99
/usr/bin/cmake -E cmake_link_script CMakeFiles/cmTC_90d99.dir/link.txt --verbose=1
/usr/bin/cc      -rdynamic CMakeFiles/cmTC_90d99.dir/feature_tests.c.o  -o cmTC_90d99 
make[1]: warning:  Clock skew detected.  Your build may be incomplete.
make[1]: Leaving directory '/home/debvmware/vmware_shares/vmware_shared/xrboom-plus/prboom2/src/CMakeFiles/CMakeTmp'


    Feature record: C_FEATURE:1c_function_prototypes
    Feature record: C_FEATURE:0c_restrict
    Feature record: C_FEATURE:0c_static_assert
    Feature record: C_FEATURE:0c_variadic_macros
Determining if the CXX compiler works passed with the following output:
Change Dir: /home/debvmware/vmware_shares/vmware_shared/xrboom-plus/prboom2/src/CMakeFiles/CMakeTmp

Run Build Command:"/usr/bin/make" "cmTC_108c1/fast"
/usr/bin/make -f CMakeFiles/cmTC_108c1.dir/build.make CMakeFiles/cmTC_108c1.dir/build
make[1]: Entering directory '/home/debvmware/vmware_shares/vmware_shared/xrboom-plus/prboom2/src/CMakeFiles/CMakeTmp'
Building CXX object CMakeFiles/cmTC_108c1.dir/testCXXCompiler.cxx.o
/usr/bin/c++     -o CMakeFiles/cmTC_108c1.dir/testCXXCompiler.cxx.o -c /home/debvmware/vmware_shares/vmware_shared/xrboom-plus/prboom2/src/CMakeFiles/CMakeTmp/testCXXCompiler.cxx
Linking CXX executable cmTC_108c1
/usr/bin/cmake -E cmake_link_script CMakeFiles/cmTC_108c1.dir/link.txt --verbose=1
/usr/bin/c++       -rdynamic CMakeFiles/cmTC_108c1.dir/testCXXCompiler.cxx.o  -o cmTC_108c1 
make[1]: Leaving directory '/home/debvmware/vmware_shares/vmware_shared/xrboom-plus/prboom2/src/CMakeFiles/CMakeTmp'


Detecting CXX compiler ABI info compiled with the following output:
Change Dir: /home/debvmware/vmware_shares/vmware_shared/xrboom-plus/prboom2/src/CMakeFiles/CMakeTmp

Run Build Command:"/usr/bin/make" "cmTC_07eac/fast"
/usr/bin/make -f CMakeFiles/cmTC_07eac.dir/build.make CMakeFiles/cmTC_07eac.dir/build
make[1]: Entering directory '/home/debvmware/vmware_shares/vmware_shared/xrboom-plus/prboom2/src/CMakeFiles/CMakeTmp'
Building CXX object CMakeFiles/cmTC_07eac.dir/CMakeCXXCompilerABI.cpp.o
/usr/bin/c++     -o CMakeFiles/cmTC_07eac.dir/CMakeCXXCompilerABI.cpp.o -c /usr/share/cmake-3.13/Modules/CMakeCXXCompilerABI.cpp
Linking CXX executable cmTC_07eac
/usr/bin/cmake -E cmake_link_script CMakeFiles/cmTC_07eac.dir/link.txt --verbose=1
/usr/bin/c++      -v -rdynamic CMakeFiles/cmTC_07eac.dir/CMakeCXXCompilerABI.cpp.o  -o cmTC_07eac 
clang version 7.0.1-8+deb10u2 (tags/RELEASE_701/final)
Target: x86_64-pc-linux-gnu
Thread model: posix
InstalledDir: /usr/bin
Found candidate GCC installation: /usr/bin/../lib/gcc/x86_64-linux-gnu/8
Found candidate GCC installation: /usr/lib/gcc/x86_64-linux-gnu/8
Selected GCC installation: /usr/bin/../lib/gcc/x86_64-linux-gnu/8
Candidate multilib: .;@m64
Selected multilib: .;@m64
 "/usr/bin/ld" -export-dynamic --hash-style=both --build-id --eh-frame-hdr -m elf_x86_64 -export-dynamic -dynamic-linker /lib64/ld-linux-x86-64.so.2 -o cmTC_07eac /usr/bin/../lib/gcc/x86_64-linux-gnu/8/../../../x86_64-linux-gnu/crt1.o /usr/bin/../lib/gcc/x86_64-linux-gnu/8/../../../x86_64-linux-gnu/crti.o /usr/bin/../lib/gcc/x86_64-linux-gnu/8/crtbegin.o -L/usr/bin/../lib/gcc/x86_64-linux-gnu/8 -L/usr/bin/../lib/gcc/x86_64-linux-gnu/8/../../../x86_64-linux-gnu -L/usr/bin/../lib/gcc/x86_64-linux-gnu/8/../../../../lib64 -L/lib/x86_64-linux-gnu -L/lib/../lib64 -L/usr/lib/x86_64-linux-gnu -L/usr/lib/../lib64 -L/usr/lib/x86_64-linux-gnu/../../lib64 -L/usr/bin/../lib/gcc/x86_64-linux-gnu/8/../../.. -L/usr/lib/llvm-7/bin/../lib -L/lib -L/usr/lib CMakeFiles/cmTC_07eac.dir/CMakeCXXCompilerABI.cpp.o -lstdc++ -lm -lgcc_s -lgcc -lc -lgcc_s -lgcc /usr/bin/../lib/gcc/x86_64-linux-gnu/8/crtend.o /usr/bin/../lib/gcc/x86_64-linux-gnu/8/../../../x86_64-linux-gnu/crtn.o
make[1]: Leaving directory '/home/debvmware/vmware_shares/vmware_shared/xrboom-plus/prboom2/src/CMakeFiles/CMakeTmp'


Parsed CXX implicit link information from above output:
  link line regex: [^( *|.*[/\])(ld|CMAKE_LINK_STARTFILE-NOTFOUND|([^/\]+-)?ld|collect2)[^/\]*( |$)]
  ignore line: [Change Dir: /home/debvmware/vmware_shares/vmware_shared/xrboom-plus/prboom2/src/CMakeFiles/CMakeTmp]
  ignore line: []
  ignore line: [Run Build Command:"/usr/bin/make" "cmTC_07eac/fast"]
  ignore line: [/usr/bin/make -f CMakeFiles/cmTC_07eac.dir/build.make CMakeFiles/cmTC_07eac.dir/build]
  ignore line: [make[1]: Entering directory '/home/debvmware/vmware_shares/vmware_shared/xrboom-plus/prboom2/src/CMakeFiles/CMakeTmp']
  ignore line: [Building CXX object CMakeFiles/cmTC_07eac.dir/CMakeCXXCompilerABI.cpp.o]
  ignore line: [/usr/bin/c++     -o CMakeFiles/cmTC_07eac.dir/CMakeCXXCompilerABI.cpp.o -c /usr/share/cmake-3.13/Modules/CMakeCXXCompilerABI.cpp]
  ignore line: [Linking CXX executable cmTC_07eac]
  ignore line: [/usr/bin/cmake -E cmake_link_script CMakeFiles/cmTC_07eac.dir/link.txt --verbose=1]
  ignore line: [/usr/bin/c++      -v -rdynamic CMakeFiles/cmTC_07eac.dir/CMakeCXXCompilerABI.cpp.o  -o cmTC_07eac ]
  ignore line: [clang version 7.0.1-8+deb10u2 (tags/RELEASE_701/final)]
  ignore line: [Target: x86_64-pc-linux-gnu]
  ignore line: [Thread model: posix]
  ignore line: [InstalledDir: /usr/bin]
  ignore line: [Found candidate GCC installation: /usr/bin/../lib/gcc/x86_64-linux-gnu/8]
  ignore line: [Found candidate GCC installation: /usr/lib/gcc/x86_64-linux-gnu/8]
  ignore line: [Selected GCC installation: /usr/bin/../lib/gcc/x86_64-linux-gnu/8]
  ignore line: [Candidate multilib: .]
  ignore line: [@m64]
  ignore line: [Selected multilib: .]
  ignore line: [@m64]
  link line: [ "/usr/bin/ld" -export-dynamic --hash-style=both --build-id --eh-frame-hdr -m elf_x86_64 -export-dynamic -dynamic-linker /lib64/ld-linux-x86-64.so.2 -o cmTC_07eac /usr/bin/../lib/gcc/x86_64-linux-gnu/8/../../../x86_64-linux-gnu/crt1.o /usr/bin/../lib/gcc/x86_64-linux-gnu/8/../../../x86_64-linux-gnu/crti.o /usr/bin/../lib/gcc/x86_64-linux-gnu/8/crtbegin.o -L/usr/bin/../lib/gcc/x86_64-linux-gnu/8 -L/usr/bin/../lib/gcc/x86_64-linux-gnu/8/../../../x86_64-linux-gnu -L/usr/bin/../lib/gcc/x86_64-linux-gnu/8/../../../../lib64 -L/lib/x86_64-linux-gnu -L/lib/../lib64 -L/usr/lib/x86_64-linux-gnu -L/usr/lib/../lib64 -L/usr/lib/x86_64-linux-gnu/../../lib64 -L/usr/bin/../lib/gcc/x86_64-linux-gnu/8/../../.. -L/usr/lib/llvm-7/bin/../lib -L/lib -L/usr/lib CMakeFiles/cmTC_07eac.dir/CMakeCXXCompilerABI.cpp.o -lstdc++ -lm -lgcc_s -lgcc -lc -lgcc_s -lgcc /usr/bin/../lib/gcc/x86_64-linux-gnu/8/crtend.o /usr/bin/../lib/gcc/x86_64-linux-gnu/8/../../../x86_64-linux-gnu/crtn.o]
    arg [/usr/bin/ld] ==> ignore
    arg [-export-dynamic] ==> ignore
    arg [--hash-style=both] ==> ignore
    arg [--build-id] ==> ignore
    arg [--eh-frame-hdr] ==> ignore
    arg [-m] ==> ignore
    arg [elf_x86_64] ==> ignore
    arg [-export-dynamic] ==> ignore
    arg [-dynamic-linker] ==> ignore
    arg [/lib64/ld-linux-x86-64.so.2] ==> ignore
    arg [-o] ==> ignore
    arg [cmTC_07eac] ==> ignore
    arg [/usr/bin/../lib/gcc/x86_64-linux-gnu/8/../../../x86_64-linux-gnu/crt1.o] ==> ignore
    arg [/usr/bin/../lib/gcc/x86_64-linux-gnu/8/../../../x86_64-linux-gnu/crti.o] ==> ignore
    arg [/usr/bin/../lib/gcc/x86_64-linux-gnu/8/crtbegin.o] ==> ignore
    arg [-L/usr/bin/../lib/gcc/x86_64-linux-gnu/8] ==> dir [/usr/bin/../lib/gcc/x86_64-linux-gnu/8]
    arg [-L/usr/bin/../lib/gcc/x86_64-linux-gnu/8/../../../x86_64-linux-gnu] ==> dir [/usr/bin/../lib/gcc/x86_64-linux-gnu/8/../../../x86_64-linux-gnu]
    arg [-L/usr/bin/../lib/gcc/x86_64-linux-gnu/8/../../../../lib64] ==> dir [/usr/bin/../lib/gcc/x86_64-linux-gnu/8/../../../../lib64]
    arg [-L/lib/x86_64-linux-gnu] ==> dir [/lib/x86_64-linux-gnu]
    arg [-L/lib/../lib64] ==> dir [/lib/../lib64]
    arg [-L/usr/lib/x86_64-linux-gnu] ==> dir [/usr/lib/x86_64-linux-gnu]
    arg [-L/usr/lib/../lib64] ==> dir [/usr/lib/../lib64]
    arg [-L/usr/lib/x86_64-linux-gnu/../../lib64] ==> dir [/usr/lib/x86_64-linux-gnu/../../lib64]
    arg [-L/usr/bin/../lib/gcc/x86_64-linux-gnu/8/../../..] ==> dir [/usr/bin/../lib/gcc/x86_64-linux-gnu/8/../../..]
    arg [-L/usr/lib/llvm-7/bin/../lib] ==> dir [/usr/lib/llvm-7/bin/../lib]
    arg [-L/lib] ==> dir [/lib]
    arg [-L/usr/lib] ==> dir [/usr/lib]
    arg [CMakeFiles/cmTC_07eac.dir/CMakeCXXCompilerABI.cpp.o] ==> ignore
    arg [-lstdc++] ==> lib [stdc++]
    arg [-lm] ==> lib [m]
    arg [-lgcc_s] ==> lib [gcc_s]
    arg [-lgcc] ==> lib [gcc]
    arg [-lc] ==> lib [c]
    arg [-lgcc_s] ==> lib [gcc_s]
    arg [-lgcc] ==> lib [gcc]
    arg [/usr/bin/../lib/gcc/x86_64-linux-gnu/8/crtend.o] ==> ignore
    arg [/usr/bin/../lib/gcc/x86_64-linux-gnu/8/../../../x86_64-linux-gnu/crtn.o] ==> ignore
  collapse library dir [/usr/bin/../lib/gcc/x86_64-linux-gnu/8] ==> [/usr/lib/gcc/x86_64-linux-gnu/8]
  collapse library dir [/usr/bin/../lib/gcc/x86_64-linux-gnu/8/../../../x86_64-linux-gnu] ==> [/usr/lib/x86_64-linux-gnu]
  collapse library dir [/usr/bin/../lib/gcc/x86_64-linux-gnu/8/../../../../lib64] ==> [/usr/lib64]
  collapse library dir [/lib/x86_64-linux-gnu] ==> [/lib/x86_64-linux-gnu]
  collapse library dir [/lib/../lib64] ==> [/lib64]
  collapse library dir [/usr/lib/x86_64-linux-gnu] ==> [/usr/lib/x86_64-linux-gnu]
  collapse library dir [/usr/lib/../lib64] ==> [/usr/lib64]
  collapse library dir [/usr/lib/x86_64-linux-gnu/../../lib64] ==> [/usr/lib64]
  collapse library dir [/usr/bin/../lib/gcc/x86_64-linux-gnu/8/../../..] ==> [/usr/lib]
  collapse library dir [/usr/lib/llvm-7/bin/../lib] ==> [/usr/lib/llvm-7/lib]
  collapse library dir [/lib] ==> [/lib]
  collapse library dir [/usr/lib] ==> [/usr/lib]
  implicit libs: [stdc++;m;gcc_s;gcc;c;gcc_s;gcc]
  implicit dirs: [/usr/lib/gcc/x86_64-linux-gnu/8;/usr/lib/x86_64-linux-gnu;/usr/lib64;/lib/x86_64-linux-gnu;/lib64;/usr/lib;/usr/lib/llvm-7/lib;/lib]
  implicit fwks: []




Detecting CXX [-std=c++2a] compiler features compiled with the following output:
Change Dir: /home/debvmware/vmware_shares/vmware_shared/xrboom-plus/prboom2/src/CMakeFiles/CMakeTmp

Run Build Command:"/usr/bin/make" "cmTC_31bfb/fast"
/usr/bin/make -f CMakeFiles/cmTC_31bfb.dir/build.make CMakeFiles/cmTC_31bfb.dir/build
make[1]: Entering directory '/home/debvmware/vmware_shares/vmware_shared/xrboom-plus/prboom2/src/CMakeFiles/CMakeTmp'
Building CXX object CMakeFiles/cmTC_31bfb.dir/feature_tests.cxx.o
/usr/bin/c++    -std=c++2a -o CMakeFiles/cmTC_31bfb.dir/feature_tests.cxx.o -c /home/debvmware/vmware_shares/vmware_shared/xrboom-plus/prboom2/src/CMakeFiles/feature_tests.cxx
Linking CXX executable cmTC_31bfb
/usr/bin/cmake -E cmake_link_script CMakeFiles/cmTC_31bfb.dir/link.txt --verbose=1
/usr/bin/c++       -rdynamic CMakeFiles/cmTC_31bfb.dir/feature_tests.cxx.o  -o cmTC_31bfb 
make[1]: Leaving directory '/home/debvmware/vmware_shares/vmware_shared/xrboom-plus/prboom2/src/CMakeFiles/CMakeTmp'


    Feature record: CXX_FEATURE:1cxx_aggregate_default_initializers
    Feature record: CXX_FEATURE:1cxx_alias_templates
    Feature record: CXX_FEATURE:1cxx_alignas
    Feature record: CXX_FEATURE:1cxx_alignof
    Feature record: CXX_FEATURE:1cxx_attributes
    Feature record: CXX_FEATURE:1cxx_attribute_deprecated
    Feature record: CXX_FEATURE:1cxx_auto_type
    Feature record: CXX_FEATURE:1cxx_binary_literals
    Feature record: CXX_FEATURE:1cxx_constexpr
    Feature record: CXX_FEATURE:1cxx_contextual_conversions
    Feature record: CXX_FEATURE:1cxx_decltype
    Feature record: CXX_FEATURE:1cxx_decltype_auto
    Feature record: CXX_FEATURE:1cxx_decltype_incomplete_return_types
    Feature record: CXX_FEATURE:1cxx_default_function_template_args
    Feature record: CXX_FEATURE:1cxx_defaulted_functions
    Feature record: CXX_FEATURE:1cxx_defaulted_move_initializers
    Feature record: CXX_FEATURE:1cxx_delegating_constructors
    Feature record: CXX_FEATURE:1cxx_deleted_functions
    Feature record: CXX_FEATURE:1cxx_digit_separators
    Feature record: CXX_FEATURE:1cxx_enum_forward_declarations
    Feature record: CXX_FEATURE:1cxx_explicit_conversions
    Feature record: CXX_FEATURE:1cxx_extended_friend_declarations
    Feature record: CXX_FEATURE:1cxx_extern_templates
    Feature record: CXX_FEATURE:1cxx_final
    Feature record: CXX_FEATURE:1cxx_func_identifier
    Feature record: CXX_FEATURE:1cxx_generalized_initializers
    Feature record: CXX_FEATURE:1cxx_generic_lambdas
    Feature record: CXX_FEATURE:1cxx_inheriting_constructors
    Feature record: CXX_FEATURE:1cxx_inline_namespaces
    Feature record: CXX_FEATURE:1cxx_lambdas
    Feature record: CXX_FEATURE:1cxx_lambda_init_captures
    Feature record: CXX_FEATURE:1cxx_local_type_template_args
    Feature record: CXX_FEATURE:1cxx_long_long_type
    Feature record: CXX_FEATURE:1cxx_noexcept
    Feature record: CXX_FEATURE:1cxx_nonstatic_member_init
    Feature record: CXX_FEATURE:1cxx_nullptr
    Feature record: CXX_FEATURE:1cxx_override
    Feature record: CXX_FEATURE:1cxx_range_for
    Feature record: CXX_FEATURE:1cxx_raw_string_literals
    Feature record: CXX_FEATURE:1cxx_reference_qualified_functions
    Feature record: CXX_FEATURE:1cxx_relaxed_constexpr
    Feature record: CXX_FEATURE:1cxx_return_type_deduction
    Feature record: CXX_FEATURE:1cxx_right_angle_brackets
    Feature record: CXX_FEATURE:1cxx_rvalue_references
    Feature record: CXX_FEATURE:1cxx_sizeof_member
    Feature record: CXX_FEATURE:1cxx_static_assert
    Feature record: CXX_FEATURE:1cxx_strong_enums
    Feature record: CXX_FEATURE:1cxx_template_template_parameters
    Feature record: CXX_FEATURE:1cxx_thread_local
    Feature record: CXX_FEATURE:1cxx_trailing_return_types
    Feature record: CXX_FEATURE:1cxx_unicode_literals
    Feature record: CXX_FEATURE:1cxx_uniform_initialization
    Feature record: CXX_FEATURE:1cxx_unrestricted_unions
    Feature record: CXX_FEATURE:1cxx_user_literals
    Feature record: CXX_FEATURE:1cxx_variable_templates
    Feature record: CXX_FEATURE:1cxx_variadic_macros
    Feature record: CXX_FEATURE:1cxx_variadic_templates


Detecting CXX [-std=c++17] compiler features compiled with the following output:
Change Dir: /home/debvmware/vmware_shares/vmware_shared/xrboom-plus/prboom2/src/CMakeFiles/CMakeTmp

Run Build Command:"/usr/bin/make" "cmTC_2d636/fast"
/usr/bin/make -f CMakeFiles/cmTC_2d636.dir/build.make CMakeFiles/cmTC_2d636.dir/build
make[1]: Entering directory '/home/debvmware/vmware_shares/vmware_shared/xrboom-plus/prboom2/src/CMakeFiles/CMakeTmp'
Building CXX object CMakeFiles/cmTC_2d636.dir/feature_tests.cxx.o
/usr/bin/c++    -std=c++17 -o CMakeFiles/cmTC_2d636.dir/feature_tests.cxx.o -c /home/debvmware/vmware_shares/vmware_shared/xrboom-plus/prboom2/src/CMakeFiles/feature_tests.cxx
Linking CXX executable cmTC_2d636
/usr/bin/cmake -E cmake_link_script CMakeFiles/cmTC_2d636.dir/link.txt --verbose=1
/usr/bin/c++       -rdynamic CMakeFiles/cmTC_2d636.dir/feature_tests.cxx.o  -o cmTC_2d636 
make[1]: Leaving directory '/home/debvmware/vmware_shares/vmware_shared/xrboom-plus/prboom2/src/CMakeFiles/CMakeTmp'


    Feature record: CXX_FEATURE:1cxx_aggregate_default_initializers
    Feature record: CXX_FEATURE:1cxx_alias_templates
    Feature record: CXX_FEATURE:1cxx_alignas
    Feature record: CXX_FEATURE:1cxx_alignof
    Feature record: CXX_FEATURE:1cxx_attributes
    Feature record: CXX_FEATURE:1cxx_attribute_deprecated
    Feature record: CXX_FEATURE:1cxx_auto_type
    Feature record: CXX_FEATURE:1cxx_binary_literals
    Feature record: CXX_FEATURE:1cxx_constexpr
    Feature record: CXX_FEATURE:1cxx_contextual_conversions
    Feature record: CXX_FEATURE:1cxx_decltype
    Feature record: CXX_FEATURE:1cxx_decltype_auto
    Feature record: CXX_FEATURE:1cxx_decltype_incomplete_return_types
    Feature record: CXX_FEATURE:1cxx_default_function_template_args
    Feature record: CXX_FEATURE:1cxx_defaulted_functions
    Feature record: CXX_FEATURE:1cxx_defaulted_move_initializers
    Feature record: CXX_FEATURE:1cxx_delegating_constructors
    Feature record: CXX_FEATURE:1cxx_deleted_functions
    Feature record: CXX_FEATURE:1cxx_digit_separators
    Feature record: CXX_FEATURE:1cxx_enum_forward_declarations
    Feature record: CXX_FEATURE:1cxx_explicit_conversions
    Feature record: CXX_FEATURE:1cxx_extended_friend_declarations
    Feature record: CXX_FEATURE:1cxx_extern_templates
    Feature record: CXX_FEATURE:1cxx_final
    Feature record: CXX_FEATURE:1cxx_func_identifier
    Feature record: CXX_FEATURE:1cxx_generalized_initializers
    Feature record: CXX_FEATURE:1cxx_generic_lambdas
    Feature record: CXX_FEATURE:1cxx_inheriting_constructors
    Feature record: CXX_FEATURE:1cxx_inline_namespaces
    Feature record: CXX_FEATURE:1cxx_lambdas
    Feature record: CXX_FEATURE:1cxx_lambda_init_captures
    Feature record: CXX_FEATURE:1cxx_local_type_template_args
    Feature record: CXX_FEATURE:1cxx_long_long_type
    Feature record: CXX_FEATURE:1cxx_noexcept
    Feature record: CXX_FEATURE:1cxx_nonstatic_member_init
    Feature record: CXX_FEATURE:1cxx_nullptr
    Feature record: CXX_FEATURE:1cxx_override
    Feature record: CXX_FEATURE:1cxx_range_for
    Feature record: CXX_FEATURE:1cxx_raw_string_literals
    Feature record: CXX_FEATURE:1cxx_reference_qualified_functions
    Feature record: CXX_FEATURE:1cxx_relaxed_constexpr
    Feature record: CXX_FEATURE:1cxx_return_type_deduction
    Feature record: CXX_FEATURE:1cxx_right_angle_brackets
    Feature record: CXX_FEATURE:1cxx_rvalue_references
    Feature record: CXX_FEATURE:1cxx_sizeof_member
    Feature record: CXX_FEATURE:1cxx_static_assert
    Feature record: CXX_FEATURE:1cxx_strong_enums
    Feature record: CXX_FEATURE:1cxx_template_template_parameters
    Feature record: CXX_FEATURE:1cxx_thread_local
    Feature record: CXX_FEATURE:1cxx_trailing_return_types
    Feature record: CXX_FEATURE:1cxx_unicode_literals
    Feature record: CXX_FEATURE:1cxx_uniform_initialization
    Feature record: CXX_FEATURE:1cxx_unrestricted_unions
    Feature record: CXX_FEATURE:1cxx_user_literals
    Feature record: CXX_FEATURE:1cxx_variable_templates
    Feature record: CXX_FEATURE:1cxx_variadic_macros
    Feature record: CXX_FEATURE:1cxx_variadic_templates


Detecting CXX [-std=c++14] compiler features compiled with the following output:
Change Dir: /home/debvmware/vmware_shares/vmware_shared/xrboom-plus/prboom2/src/CMakeFiles/CMakeTmp

Run Build Command:"/usr/bin/make" "cmTC_edcc0/fast"
/usr/bin/make -f CMakeFiles/cmTC_edcc0.dir/build.make CMakeFiles/cmTC_edcc0.dir/build
make[1]: Entering directory '/home/debvmware/vmware_shares/vmware_shared/xrboom-plus/prboom2/src/CMakeFiles/CMakeTmp'
Building CXX object CMakeFiles/cmTC_edcc0.dir/feature_tests.cxx.o
/usr/bin/c++    -std=c++14 -o CMakeFiles/cmTC_edcc0.dir/feature_tests.cxx.o -c /home/debvmware/vmware_shares/vmware_shared/xrboom-plus/prboom2/src/CMakeFiles/feature_tests.cxx
Linking CXX executable cmTC_edcc0
/usr/bin/cmake -E cmake_link_script CMakeFiles/cmTC_edcc0.dir/link.txt --verbose=1
/usr/bin/c++       -rdynamic CMakeFiles/cmTC_edcc0.dir/feature_tests.cxx.o  -o cmTC_edcc0 
make[1]: Leaving directory '/home/debvmware/vmware_shares/vmware_shared/xrboom-plus/prboom2/src/CMakeFiles/CMakeTmp'


    Feature record: CXX_FEATURE:1cxx_aggregate_default_initializers
    Feature record: CXX_FEATURE:1cxx_alias_templates
    Feature record: CXX_FEATURE:1cxx_alignas
    Feature record: CXX_FEATURE:1cxx_alignof
    Feature record: CXX_FEATURE:1cxx_attributes
    Feature record: CXX_FEATURE:1cxx_attribute_deprecated
    Feature record: CXX_FEATURE:1cxx_auto_type
    Feature record: CXX_FEATURE:1cxx_binary_literals
    Feature record: CXX_FEATURE:1cxx_constexpr
    Feature record: CXX_FEATURE:1cxx_contextual_conversions
    Feature record: CXX_FEATURE:1cxx_decltype
    Feature record: CXX_FEATURE:1cxx_decltype_auto
    Feature record: CXX_FEATURE:1cxx_decltype_incomplete_return_types
    Feature record: CXX_FEATURE:1cxx_default_function_template_args
    Feature record: CXX_FEATURE:1cxx_defaulted_functions
    Feature record: CXX_FEATURE:1cxx_defaulted_move_initializers
    Feature record: CXX_FEATURE:1cxx_delegating_constructors
    Feature record: CXX_FEATURE:1cxx_deleted_functions
    Feature record: CXX_FEATURE:1cxx_digit_separators
    Feature record: CXX_FEATURE:1cxx_enum_forward_declarations
    Feature record: CXX_FEATURE:1cxx_explicit_conversions
    Feature record: CXX_FEATURE:1cxx_extended_friend_declarations
    Feature record: CXX_FEATURE:1cxx_extern_templates
    Feature record: CXX_FEATURE:1cxx_final
    Feature record: CXX_FEATURE:1cxx_func_identifier
    Feature record: CXX_FEATURE:1cxx_generalized_initializers
    Feature record: CXX_FEATURE:1cxx_generic_lambdas
    Feature record: CXX_FEATURE:1cxx_inheriting_constructors
    Feature record: CXX_FEATURE:1cxx_inline_namespaces
    Feature record: CXX_FEATURE:1cxx_lambdas
    Feature record: CXX_FEATURE:1cxx_lambda_init_captures
    Feature record: CXX_FEATURE:1cxx_local_type_template_args
    Feature record: CXX_FEATURE:1cxx_long_long_type
    Feature record: CXX_FEATURE:1cxx_noexcept
    Feature record: CXX_FEATURE:1cxx_nonstatic_member_init
    Feature record: CXX_FEATURE:1cxx_nullptr
    Feature record: CXX_FEATURE:1cxx_override
    Feature record: CXX_FEATURE:1cxx_range_for
    Feature record: CXX_FEATURE:1cxx_raw_string_literals
    Feature record: CXX_FEATURE:1cxx_reference_qualified_functions
    Feature record: CXX_FEATURE:1cxx_relaxed_constexpr
    Feature record: CXX_FEATURE:1cxx_return_type_deduction
    Feature record: CXX_FEATURE:1cxx_right_angle_brackets
    Feature record: CXX_FEATURE:1cxx_rvalue_references
    Feature record: CXX_FEATURE:1cxx_sizeof_member
    Feature record: CXX_FEATURE:1cxx_static_assert
    Feature record: CXX_FEATURE:1cxx_strong_enums
    Feature record: CXX_FEATURE:1cxx_template_template_parameters
    Feature record: CXX_FEATURE:1cxx_thread_local
    Feature record: CXX_FEATURE:1cxx_trailing_return_types
    Feature record: CXX_FEATURE:1cxx_unicode_literals
    Feature record: CXX_FEATURE:1cxx_uniform_initialization
    Feature record: CXX_FEATURE:1cxx_unrestricted_unions
    Feature record: CXX_FEATURE:1cxx_user_literals
    Feature record: CXX_FEATURE:1cxx_variable_templates
    Feature record: CXX_FEATURE:1cxx_variadic_macros
    Feature record: CXX_FEATURE:1cxx_variadic_templates


Detecting CXX [-std=c++11] compiler features compiled with the following output:
Change Dir: /home/debvmware/vmware_shares/vmware_shared/xrboom-plus/prboom2/src/CMakeFiles/CMakeTmp

Run Build Command:"/usr/bin/make" "cmTC_66bdd/fast"
/usr/bin/make -f CMakeFiles/cmTC_66bdd.dir/build.make CMakeFiles/cmTC_66bdd.dir/build
make[1]: Entering directory '/home/debvmware/vmware_shares/vmware_shared/xrboom-plus/prboom2/src/CMakeFiles/CMakeTmp'
Building CXX object CMakeFiles/cmTC_66bdd.dir/feature_tests.cxx.o
/usr/bin/c++    -std=c++11 -o CMakeFiles/cmTC_66bdd.dir/feature_tests.cxx.o -c /home/debvmware/vmware_shares/vmware_shared/xrboom-plus/prboom2/src/CMakeFiles/feature_tests.cxx
Linking CXX executable cmTC_66bdd
/usr/bin/cmake -E cmake_link_script CMakeFiles/cmTC_66bdd.dir/link.txt --verbose=1
/usr/bin/c++       -rdynamic CMakeFiles/cmTC_66bdd.dir/feature_tests.cxx.o  -o cmTC_66bdd 
make[1]: Leaving directory '/home/debvmware/vmware_shares/vmware_shared/xrboom-plus/prboom2/src/CMakeFiles/CMakeTmp'


    Feature record: CXX_FEATURE:0cxx_aggregate_default_initializers
    Feature record: CXX_FEATURE:1cxx_alias_templates
    Feature record: CXX_FEATURE:1cxx_alignas
    Feature record: CXX_FEATURE:1cxx_alignof
    Feature record: CXX_FEATURE:1cxx_attributes
    Feature record: CXX_FEATURE:0cxx_attribute_deprecated
    Feature record: CXX_FEATURE:1cxx_auto_type
    Feature record: CXX_FEATURE:0cxx_binary_literals
    Feature record: CXX_FEATURE:1cxx_constexpr
    Feature record: CXX_FEATURE:0cxx_contextual_conversions
    Feature record: CXX_FEATURE:1cxx_decltype
    Feature record: CXX_FEATURE:0cxx_decltype_auto
    Feature record: CXX_FEATURE:1cxx_decltype_incomplete_return_types
    Feature record: CXX_FEATURE:1cxx_default_function_template_args
    Feature record: CXX_FEATURE:1cxx_defaulted_functions
    Feature record: CXX_FEATURE:1cxx_defaulted_move_initializers
    Feature record: CXX_FEATURE:1cxx_delegating_constructors
    Feature record: CXX_FEATURE:1cxx_deleted_functions
    Feature record: CXX_FEATURE:0cxx_digit_separators
    Feature record: CXX_FEATURE:1cxx_enum_forward_declarations
    Feature record: CXX_FEATURE:1cxx_explicit_conversions
    Feature record: CXX_FEATURE:1cxx_extended_friend_declarations
    Feature record: CXX_FEATURE:1cxx_extern_templates
    Feature record: CXX_FEATURE:1cxx_final
    Feature record: CXX_FEATURE:1cxx_func_identifier
    Feature record: CXX_FEATURE:1cxx_generalized_initializers
    Feature record: CXX_FEATURE:0cxx_generic_lambdas
    Feature record: CXX_FEATURE:1cxx_inheriting_constructors
    Feature record: CXX_FEATURE:1cxx_inline_namespaces
    Feature record: CXX_FEATURE:1cxx_lambdas
    Feature record: CXX_FEATURE:0cxx_lambda_init_captures
    Feature record: CXX_FEATURE:1cxx_local_type_template_args
    Feature record: CXX_FEATURE:1cxx_long_long_type
    Feature record: CXX_FEATURE:1cxx_noexcept
    Feature record: CXX_FEATURE:1cxx_nonstatic_member_init
    Feature record: CXX_FEATURE:1cxx_nullptr
    Feature record: CXX_FEATURE:1cxx_override
    Feature record: CXX_FEATURE:1cxx_range_for
    Feature record: CXX_FEATURE:1cxx_raw_string_literals
    Feature record: CXX_FEATURE:1cxx_reference_qualified_functions
    Feature record: CXX_FEATURE:0cxx_relaxed_constexpr
    Feature record: CXX_FEATURE:0cxx_return_type_deduction
    Feature record: CXX_FEATURE:1cxx_right_angle_brackets
    Feature record: CXX_FEATURE:1cxx_rvalue_references
    Feature record: CXX_FEATURE:1cxx_sizeof_member
    Feature record: CXX_FEATURE:1cxx_static_assert
    Feature record: CXX_FEATURE:1cxx_strong_enums
    Feature record: CXX_FEATURE:1cxx_template_template_parameters
    Feature record: CXX_FEATURE:1cxx_thread_local
    Feature record: CXX_FEATURE:1cxx_trailing_return_types
    Feature record: CXX_FEATURE:1cxx_unicode_literals
    Feature record: CXX_FEATURE:1cxx_uniform_initialization
    Feature record: CXX_FEATURE:1cxx_unrestricted_unions
    Feature record: CXX_FEATURE:1cxx_user_literals
    Feature record: CXX_FEATURE:0cxx_variable_templates
    Feature record: CXX_FEATURE:1cxx_variadic_macros
    Feature record: CXX_FEATURE:1cxx_variadic_templates


Detecting CXX [-std=c++98] compiler features compiled with the following output:
Change Dir: /home/debvmware/vmware_shares/vmware_shared/xrboom-plus/prboom2/src/CMakeFiles/CMakeTmp

Run Build Command:"/usr/bin/make" "cmTC_bb7be/fast"
/usr/bin/make -f CMakeFiles/cmTC_bb7be.dir/build.make CMakeFiles/cmTC_bb7be.dir/build
make[1]: Entering directory '/home/debvmware/vmware_shares/vmware_shared/xrboom-plus/prboom2/src/CMakeFiles/CMakeTmp'
Building CXX object CMakeFiles/cmTC_bb7be.dir/feature_tests.cxx.o
/usr/bin/c++    -std=c++98 -o CMakeFiles/cmTC_bb7be.dir/feature_tests.cxx.o -c /home/debvmware/vmware_shares/vmware_shared/xrboom-plus/prboom2/src/CMakeFiles/feature_tests.cxx
Linking CXX executable cmTC_bb7be
/usr/bin/cmake -E cmake_link_script CMakeFiles/cmTC_bb7be.dir/link.txt --verbose=1
/usr/bin/c++       -rdynamic CMakeFiles/cmTC_bb7be.dir/feature_tests.cxx.o  -o cmTC_bb7be 
make[1]: Leaving directory '/home/debvmware/vmware_shares/vmware_shared/xrboom-plus/prboom2/src/CMakeFiles/CMakeTmp'


    Feature record: CXX_FEATURE:0cxx_aggregate_default_initializers
    Feature record: CXX_FEATURE:0cxx_alias_templates
    Feature record: CXX_FEATURE:0cxx_alignas
    Feature record: CXX_FEATURE:0cxx_alignof
    Feature record: CXX_FEATURE:0cxx_attributes
    Feature record: CXX_FEATURE:0cxx_attribute_deprecated
    Feature record: CXX_FEATURE:0cxx_auto_type
    Feature record: CXX_FEATURE:0cxx_binary_literals
    Feature record: CXX_FEATURE:0cxx_constexpr
    Feature record: CXX_FEATURE:0cxx_contextual_conversions
    Feature record: CXX_FEATURE:0cxx_decltype
    Feature record: CXX_FEATURE:0cxx_decltype_auto
    Feature record: CXX_FEATURE:0cxx_decltype_incomplete_return_types
    Feature record: CXX_FEATURE:0cxx_default_function_template_args
    Feature record: CXX_FEATURE:0cxx_defaulted_functions
    Feature record: CXX_FEATURE:0cxx_defaulted_move_initializers
    Feature record: CXX_FEATURE:0cxx_delegating_constructors
    Feature record: CXX_FEATURE:0cxx_deleted_functions
    Feature record: CXX_FEATURE:0cxx_digit_separators
    Feature record: CXX_FEATURE:0cxx_enum_forward_declarations
    Feature record: CXX_FEATURE:0cxx_explicit_conversions
    Feature record: CXX_FEATURE:0cxx_extended_friend_declarations
    Feature record: CXX_FEATURE:0cxx_extern_templates
    Feature record: CXX_FEATURE:0cxx_final
    Feature record: CXX_FEATURE:0cxx_func_identifier
    Feature record: CXX_FEATURE:0cxx_generalized_initializers
    Feature record: CXX_FEATURE:0cxx_generic_lambdas
    Feature record: CXX_FEATURE:0cxx_inheriting_constructors
    Feature record: CXX_FEATURE:0cxx_inline_namespaces
    Feature record: CXX_FEATURE:0cxx_lambdas
    Feature record: CXX_FEATURE:0cxx_lambda_init_captures
    Feature record: CXX_FEATURE:0cxx_local_type_template_args
    Feature record: CXX_FEATURE:0cxx_long_long_type
    Feature record: CXX_FEATURE:0cxx_noexcept
    Feature record: CXX_FEATURE:0cxx_nonstatic_member_init
    Feature record: CXX_FEATURE:0cxx_nullptr
    Feature record: CXX_FEATURE:0cxx_override
    Feature record: CXX_FEATURE:0cxx_range_for
    Feature record: CXX_FEATURE:0cxx_raw_string_literals
    Feature record: CXX_FEATURE:0cxx_reference_qualified_functions
    Feature record: CXX_FEATURE:0cxx_relaxed_constexpr
    Feature record: CXX_FEATURE:0cxx_return_type_deduction
    Feature record: CXX_FEATURE:0cxx_right_angle_brackets
    Feature record: CXX_FEATURE:0cxx_rvalue_references
    Feature record: CXX_FEATURE:0cxx_sizeof_member
    Feature record: CXX_FEATURE:0cxx_static_assert
    Feature record: CXX_FEATURE:0cxx_strong_enums
    Feature record: CXX_FEATURE:1cxx_template_template_parameters
    Feature record: CXX_FEATURE:0cxx_thread_local
    Feature record: CXX_FEATURE:0cxx_trailing_return_types
    Feature record: CXX_FEATURE:0cxx_unicode_literals
    Feature record: CXX_FEATURE:0cxx_uniform_initialization
    Feature record: CXX_FEATURE:0cxx_unrestricted_unions
    Feature record: CXX_FEATURE:0cxx_user_literals
    Feature record: CXX_FEATURE:0cxx_variable_templates
    Feature record: CXX_FEATURE:0cxx_variadic_macros
    Feature record: CXX_FEATURE:0cxx_variadic_templates
